"C:/Users/mario/Documents/Unreal Projects/museoVR/MuseoVR/Content/FPWeapon/Materials/MaterialLayers/T_ML_FineRubber.uasset" 0
"C:/Users/mario/Documents/Unreal Projects/museoVR/MuseoVR/Content/FPWeapon/Materials/MaterialLayers/T_ML_FineRubber.uexp" 1
"C:/Users/mario/Documents/Unreal Projects/museoVR/MuseoVR/Content/FPWeapon/Materials/MaterialLayers/T_ML_FineRubber.ubulk" 2
"C:/Users/mario/Documents/Unreal Projects/museoVR/MuseoVR/Content/Geometry/Meshes/CubeMaterial.uasset" 3
"C:/Users/mario/Documents/Unreal Projects/museoVR/MuseoVR/Content/Geometry/Meshes/CubeMaterial.uexp" 4
"C:/Users/mario/Documents/Unreal Projects/museoVR/MuseoVR/Content/Geometry/Meshes/1M_Cube.uasset" 5
"C:/Users/mario/Documents/Unreal Projects/museoVR/MuseoVR/Content/Geometry/Meshes/1M_Cube.uexp" 6
"C:/Users/mario/Documents/Unreal Projects/museoVR/MuseoVR/Content/Geometry/Meshes/1M_Cube_Chamfer.uasset" 7
"C:/Users/mario/Documents/Unreal Projects/museoVR/MuseoVR/Content/Geometry/Meshes/1M_Cube_Chamfer.uexp" 8
"C:/Users/mario/Documents/Unreal Projects/museoVR/MuseoVR/Content/Geometry/Meshes/TemplateFloor.uasset" 9
"C:/Users/mario/Documents/Unreal Projects/museoVR/MuseoVR/Content/Geometry/Meshes/TemplateFloor.uexp" 10
"../../../Engine/Content/EditorResources/MatineeCam_D.uasset" 11
"../../../Engine/Content/EditorResources/MatineeCam_D.uexp" 12
"../../../Engine/Content/EditorMaterials/MatineeCam_mat.uasset" 13
"../../../Engine/Content/EditorMaterials/MatineeCam_mat.uexp" 14
"../../../Engine/Content/EditorMeshes/MatineeCam_SM.uasset" 15
"../../../Engine/Content/EditorMeshes/MatineeCam_SM.uexp" 16
"../../../Engine/Content/EditorBlueprintResources/StandardMacros.uasset" 17
"../../../Engine/Content/EditorBlueprintResources/StandardMacros.uexp" 18
"C:/Users/mario/Documents/Unreal Projects/museoVR/MuseoVR/Content/VRSpectator/RT_VRSpectator.uasset" 19
"C:/Users/mario/Documents/Unreal Projects/museoVR/MuseoVR/Content/VRSpectator/RT_VRSpectator.uexp" 20
"C:/Users/mario/Documents/Unreal Projects/museoVR/MuseoVR/Content/VRSpectator/VRSpectator.uasset" 21
"C:/Users/mario/Documents/Unreal Projects/museoVR/MuseoVR/Content/VRSpectator/VRSpectator.uexp" 22
"C:/Users/mario/Documents/Unreal Projects/museoVR/MuseoVR/Content/VRTemplate/Audio/Fire01.uasset" 23
"C:/Users/mario/Documents/Unreal Projects/museoVR/MuseoVR/Content/VRTemplate/Audio/Fire01.uexp" 24
"C:/Users/mario/Documents/Unreal Projects/museoVR/MuseoVR/Content/VRTemplate/Audio/Fire_Cue.uasset" 25
"C:/Users/mario/Documents/Unreal Projects/museoVR/MuseoVR/Content/VRTemplate/Audio/Fire_Cue.uexp" 26
"../../../Engine/Content/VREditor/BasicMeshes/T_CleanFloorGrunge_01_D.uasset" 27
"../../../Engine/Content/VREditor/BasicMeshes/T_CleanFloorGrunge_01_D.uexp" 28
"../../../Engine/Content/VREditor/BasicMeshes/T_CleanFloorGrunge_01_D.ubulk" 29
"../../../Engine/Content/VREditor/BasicMeshes/M_Floor_01.uasset" 30
"../../../Engine/Content/VREditor/BasicMeshes/M_Floor_01.uexp" 31
"../../../Engine/Content/VREditor/BasicMeshes/MI_Cube_01.uasset" 32
"../../../Engine/Content/VREditor/BasicMeshes/MI_Cube_01.uexp" 33
"../../../Engine/Content/VREditor/BasicMeshes/SM_Cube_01.uasset" 34
"../../../Engine/Content/VREditor/BasicMeshes/SM_Cube_01.uexp" 35
"C:/Users/mario/Documents/Unreal Projects/museoVR/MuseoVR/Content/VRTemplate/Blueprints/GrabType.uasset" 36
"C:/Users/mario/Documents/Unreal Projects/museoVR/MuseoVR/Content/VRTemplate/Blueprints/GrabType.uexp" 37
"C:/Users/mario/Documents/Unreal Projects/museoVR/MuseoVR/Content/VRTemplate/Haptics/GrabHapticEffect.uasset" 38
"C:/Users/mario/Documents/Unreal Projects/museoVR/MuseoVR/Content/VRTemplate/Haptics/GrabHapticEffect.uexp" 39
"C:/Users/mario/Documents/Unreal Projects/museoVR/MuseoVR/Content/VRTemplate/Blueprints/VRInteractionBPI.uasset" 40
"C:/Users/mario/Documents/Unreal Projects/museoVR/MuseoVR/Content/VRTemplate/Blueprints/VRInteractionBPI.uexp" 41
"C:/Users/mario/Documents/Unreal Projects/museoVR/MuseoVR/Content/VRTemplate/Blueprints/GrabComponent.uasset" 42
"C:/Users/mario/Documents/Unreal Projects/museoVR/MuseoVR/Content/VRTemplate/Blueprints/GrabComponent.uexp" 43
"C:/Users/mario/Documents/Unreal Projects/museoVR/MuseoVR/Content/VRTemplate/Blueprints/Grabbable_SmallCube.uasset" 44
"C:/Users/mario/Documents/Unreal Projects/museoVR/MuseoVR/Content/VRTemplate/Blueprints/Grabbable_SmallCube.uexp" 45
"C:/Users/mario/Documents/Unreal Projects/museoVR/MuseoVR/Content/VRTemplate/Haptics/PistolFireHapticEffect.uasset" 46
"C:/Users/mario/Documents/Unreal Projects/museoVR/MuseoVR/Content/VRTemplate/Haptics/PistolFireHapticEffect.uexp" 47
"C:/Users/mario/Documents/Unreal Projects/museoVR/MuseoVR/Content/VRTemplate/Materials/M_Projectile.uasset" 48
"C:/Users/mario/Documents/Unreal Projects/museoVR/MuseoVR/Content/VRTemplate/Materials/M_Projectile.uexp" 49
"C:/Users/mario/Documents/Unreal Projects/museoVR/MuseoVR/Content/VRTemplate/Materials/MI_Projectile.uasset" 50
"C:/Users/mario/Documents/Unreal Projects/museoVR/MuseoVR/Content/VRTemplate/Materials/MI_Projectile.uexp" 51
"../../../Engine/Content/EngineMaterials/T_Default_Material_Grid_N.uasset" 52
"../../../Engine/Content/EngineMaterials/T_Default_Material_Grid_N.uexp" 53
"../../../Engine/Content/EngineMaterials/T_Default_Material_Grid_N.ubulk" 54
"../../../Engine/Content/EngineMaterials/T_Default_Material_Grid_M.uasset" 55
"../../../Engine/Content/EngineMaterials/T_Default_Material_Grid_M.uexp" 56
"../../../Engine/Content/EngineMaterials/T_Default_Material_Grid_M.ubulk" 57
"../../../Engine/Content/Functions/Engine_MaterialFunctions01/Opacity/CameraDepthFade.uasset" 58
"../../../Engine/Content/Functions/Engine_MaterialFunctions01/Opacity/CameraDepthFade.uexp" 59
"../../../Engine/Content/EngineMaterials/DefaultMaterial.uasset" 60
"../../../Engine/Content/EngineMaterials/DefaultMaterial.uexp" 61
"../../../Engine/Content/BasicShapes/Sphere.uasset" 62
"../../../Engine/Content/BasicShapes/Sphere.uexp" 63
"C:/Users/mario/Documents/Unreal Projects/museoVR/MuseoVR/Content/VRTemplate/Blueprints/Projectile.uasset" 64
"C:/Users/mario/Documents/Unreal Projects/museoVR/MuseoVR/Content/VRTemplate/Blueprints/Projectile.uexp" 65
"C:/Users/mario/Documents/Unreal Projects/museoVR/MuseoVR/Content/FPWeapon/Mesh/SK_FPGun_Skeleton.uasset" 66
"C:/Users/mario/Documents/Unreal Projects/museoVR/MuseoVR/Content/FPWeapon/Mesh/SK_FPGun_Skeleton.uexp" 67
"C:/Users/mario/Documents/Unreal Projects/museoVR/MuseoVR/Content/FPWeapon/Mesh/SK_FPGun_PhysicsAsset.uasset" 68
"C:/Users/mario/Documents/Unreal Projects/museoVR/MuseoVR/Content/FPWeapon/Mesh/SK_FPGun_PhysicsAsset.uexp" 69
"C:/Users/mario/Documents/Unreal Projects/museoVR/MuseoVR/Content/FPWeapon/Textures/T_FPGun_N.uasset" 70
"C:/Users/mario/Documents/Unreal Projects/museoVR/MuseoVR/Content/FPWeapon/Textures/T_FPGun_N.uexp" 71
"C:/Users/mario/Documents/Unreal Projects/museoVR/MuseoVR/Content/FPWeapon/Textures/T_FPGun_N.ubulk" 72
"C:/Users/mario/Documents/Unreal Projects/museoVR/MuseoVR/Content/FPWeapon/Textures/T_FPGun_M.uasset" 73
"C:/Users/mario/Documents/Unreal Projects/museoVR/MuseoVR/Content/FPWeapon/Textures/T_FPGun_M.uexp" 74
"C:/Users/mario/Documents/Unreal Projects/museoVR/MuseoVR/Content/FPWeapon/Textures/T_FPGun_M.ubulk" 75
"C:/Users/mario/Documents/Unreal Projects/museoVR/MuseoVR/Content/FPWeapon/Materials/MaterialLayers/T_ML_Rubber_Blue_01_N.uasset" 76
"C:/Users/mario/Documents/Unreal Projects/museoVR/MuseoVR/Content/FPWeapon/Materials/MaterialLayers/T_ML_Rubber_Blue_01_N.uexp" 77
"C:/Users/mario/Documents/Unreal Projects/museoVR/MuseoVR/Content/FPWeapon/Materials/MaterialLayers/T_ML_Rubber_Blue_01_N.ubulk" 78
"C:/Users/mario/Documents/Unreal Projects/museoVR/MuseoVR/Content/FPWeapon/Materials/MaterialLayers/T_ML_Rubber_Blue_01_D.uasset" 79
"C:/Users/mario/Documents/Unreal Projects/museoVR/MuseoVR/Content/FPWeapon/Materials/MaterialLayers/T_ML_Rubber_Blue_01_D.uexp" 80
"C:/Users/mario/Documents/Unreal Projects/museoVR/MuseoVR/Content/FPWeapon/Materials/MaterialLayers/T_ML_Rubber_Blue_01_D.ubulk" 81
"C:/Users/mario/Documents/Unreal Projects/museoVR/MuseoVR/Content/FPWeapon/Materials/MaterialLayers/T_ML_Aluminum01_N.uasset" 82
"C:/Users/mario/Documents/Unreal Projects/museoVR/MuseoVR/Content/FPWeapon/Materials/MaterialLayers/T_ML_Aluminum01_N.uexp" 83
"C:/Users/mario/Documents/Unreal Projects/museoVR/MuseoVR/Content/FPWeapon/Materials/MaterialLayers/T_ML_Aluminum01_N.ubulk" 84
"C:/Users/mario/Documents/Unreal Projects/museoVR/MuseoVR/Content/FPWeapon/Materials/MaterialLayers/T_ML_Aluminum01.uasset" 85
"C:/Users/mario/Documents/Unreal Projects/museoVR/MuseoVR/Content/FPWeapon/Materials/MaterialLayers/T_ML_Aluminum01.uexp" 86
"C:/Users/mario/Documents/Unreal Projects/museoVR/MuseoVR/Content/FPWeapon/Materials/MaterialLayers/T_ML_Aluminum01.ubulk" 87
"C:/Users/mario/Documents/Unreal Projects/museoVR/MuseoVR/Content/FPWeapon/Materials/MaterialLayers/ML_SoftMetal_UE4.uasset" 88
"C:/Users/mario/Documents/Unreal Projects/museoVR/MuseoVR/Content/FPWeapon/Materials/MaterialLayers/ML_SoftMetal_UE4.uexp" 89
"C:/Users/mario/Documents/Unreal Projects/museoVR/MuseoVR/Content/FPWeapon/Materials/MaterialLayers/ML_Screen.uasset" 90
"C:/Users/mario/Documents/Unreal Projects/museoVR/MuseoVR/Content/FPWeapon/Materials/MaterialLayers/ML_Screen.uexp" 91
"C:/Users/mario/Documents/Unreal Projects/museoVR/MuseoVR/Content/FPWeapon/Materials/MaterialLayers/ML_Plastic_Shiny_Beige.uasset" 92
"C:/Users/mario/Documents/Unreal Projects/museoVR/MuseoVR/Content/FPWeapon/Materials/MaterialLayers/ML_Plastic_Shiny_Beige.uexp" 93
"C:/Users/mario/Documents/Unreal Projects/museoVR/MuseoVR/Content/FPWeapon/Materials/MaterialLayers/ML_GlossyBlack_Latex_UE4.uasset" 94
"C:/Users/mario/Documents/Unreal Projects/museoVR/MuseoVR/Content/FPWeapon/Materials/MaterialLayers/ML_GlossyBlack_Latex_UE4.uexp" 95
"../../../Engine/Content/Functions/MaterialLayerFunctions/MatLayerBlend_Simple.uasset" 96
"../../../Engine/Content/Functions/MaterialLayerFunctions/MatLayerBlend_Simple.uexp" 97
"../../../Engine/Content/Functions/Engine_MaterialFunctions02/Utility/BlendAngleCorrectedNormals.uasset" 98
"../../../Engine/Content/Functions/Engine_MaterialFunctions02/Utility/BlendAngleCorrectedNormals.uexp" 99
"../../../Engine/Content/Functions/MaterialLayerFunctions/MatLayerBlend_NormalBlend.uasset" 100
"../../../Engine/Content/Functions/MaterialLayerFunctions/MatLayerBlend_NormalBlend.uexp" 101
"C:/Users/mario/Documents/Unreal Projects/museoVR/MuseoVR/Content/FPWeapon/Materials/M_FPGun.uasset" 102
"C:/Users/mario/Documents/Unreal Projects/museoVR/MuseoVR/Content/FPWeapon/Materials/M_FPGun.uexp" 103
"C:/Users/mario/Documents/Unreal Projects/museoVR/MuseoVR/Content/FPWeapon/Mesh/SK_FPGun.uasset" 104
"C:/Users/mario/Documents/Unreal Projects/museoVR/MuseoVR/Content/FPWeapon/Mesh/SK_FPGun.uexp" 105
"C:/Users/mario/Documents/Unreal Projects/museoVR/MuseoVR/Content/VRTemplate/Blueprints/Pistol.uasset" 106
"C:/Users/mario/Documents/Unreal Projects/museoVR/MuseoVR/Content/VRTemplate/Blueprints/Pistol.uexp" 107
"C:/Users/mario/Documents/Unreal Projects/museoVR/MuseoVR/Content/VRTemplate/Blueprints/PointLight_Blueprint.uasset" 108
"C:/Users/mario/Documents/Unreal Projects/museoVR/MuseoVR/Content/VRTemplate/Blueprints/PointLight_Blueprint.uexp" 109
"C:/Users/mario/Documents/Unreal Projects/museoVR/MuseoVR/Content/VRTemplate/Blueprints/RectLight_Blueprint.uasset" 110
"C:/Users/mario/Documents/Unreal Projects/museoVR/MuseoVR/Content/VRTemplate/Blueprints/RectLight_Blueprint.uexp" 111
"C:/Users/mario/Documents/Unreal Projects/museoVR/MuseoVR/Content/VRTemplate/Blueprints/SkyLight_Blueprint.uasset" 112
"C:/Users/mario/Documents/Unreal Projects/museoVR/MuseoVR/Content/VRTemplate/Blueprints/SkyLight_Blueprint.uexp" 113
"C:/Users/mario/Documents/Unreal Projects/museoVR/MuseoVR/Content/VRTemplate/Blueprints/SpotLight_Blueprint.uasset" 114
"C:/Users/mario/Documents/Unreal Projects/museoVR/MuseoVR/Content/VRTemplate/Blueprints/SpotLight_Blueprint.uexp" 115
"C:/Users/mario/Documents/Unreal Projects/museoVR/MuseoVR/Content/VRTemplate/Blueprints/SpotLight_Blueprint5_Blueprint.uasset" 116
"C:/Users/mario/Documents/Unreal Projects/museoVR/MuseoVR/Content/VRTemplate/Blueprints/SpotLight_Blueprint5_Blueprint.uexp" 117
"C:/Users/mario/Documents/Unreal Projects/museoVR/MuseoVR/Content/VRTemplate/Materials/woodFloor.uasset" 118
"C:/Users/mario/Documents/Unreal Projects/museoVR/MuseoVR/Content/VRTemplate/Materials/woodFloor.uexp" 119
"C:/Users/mario/Documents/Unreal Projects/museoVR/MuseoVR/Content/VRTemplate/Materials/walls_mat.uasset" 120
"C:/Users/mario/Documents/Unreal Projects/museoVR/MuseoVR/Content/VRTemplate/Materials/walls_mat.uexp" 121
"C:/Users/mario/Documents/Unreal Projects/museoVR/MuseoVR/Content/VRTemplate/Materials/stand_mat.uasset" 122
"C:/Users/mario/Documents/Unreal Projects/museoVR/MuseoVR/Content/VRTemplate/Materials/stand_mat.uexp" 123
"C:/Users/mario/Documents/Unreal Projects/museoVR/MuseoVR/Content/VRTemplate/Materials/Red_mat.uasset" 124
"C:/Users/mario/Documents/Unreal Projects/museoVR/MuseoVR/Content/VRTemplate/Materials/Red_mat.uexp" 125
"C:/Users/mario/Documents/Unreal Projects/museoVR/MuseoVR/Content/VRTemplate/Materials/Painting_05.uasset" 126
"C:/Users/mario/Documents/Unreal Projects/museoVR/MuseoVR/Content/VRTemplate/Materials/Painting_05.uexp" 127
"C:/Users/mario/Documents/Unreal Projects/museoVR/MuseoVR/Content/VRTemplate/Materials/Painting_04.uasset" 128
"C:/Users/mario/Documents/Unreal Projects/museoVR/MuseoVR/Content/VRTemplate/Materials/Painting_04.uexp" 129
"C:/Users/mario/Documents/Unreal Projects/museoVR/MuseoVR/Content/VRTemplate/Materials/Painting_03.uasset" 130
"C:/Users/mario/Documents/Unreal Projects/museoVR/MuseoVR/Content/VRTemplate/Materials/Painting_03.uexp" 131
"C:/Users/mario/Documents/Unreal Projects/museoVR/MuseoVR/Content/VRTemplate/Materials/Painting_02.uasset" 132
"C:/Users/mario/Documents/Unreal Projects/museoVR/MuseoVR/Content/VRTemplate/Materials/Painting_02.uexp" 133
"C:/Users/mario/Documents/Unreal Projects/museoVR/MuseoVR/Content/VRTemplate/Materials/Painting_01.uasset" 134
"C:/Users/mario/Documents/Unreal Projects/museoVR/MuseoVR/Content/VRTemplate/Materials/Painting_01.uexp" 135
"C:/Users/mario/Documents/Unreal Projects/museoVR/MuseoVR/Content/VRTemplate/Materials/Gold_mat.uasset" 136
"C:/Users/mario/Documents/Unreal Projects/museoVR/MuseoVR/Content/VRTemplate/Materials/Gold_mat.uexp" 137
"C:/Users/mario/Documents/Unreal Projects/museoVR/MuseoVR/Content/VRTemplate/Materials/Brown_mat.uasset" 138
"C:/Users/mario/Documents/Unreal Projects/museoVR/MuseoVR/Content/VRTemplate/Materials/Brown_mat.uexp" 139
"C:/Users/mario/Documents/Unreal Projects/museoVR/MuseoVR/Content/VRTemplate/Materials/Black_mat.uasset" 140
"C:/Users/mario/Documents/Unreal Projects/museoVR/MuseoVR/Content/VRTemplate/Materials/Black_mat.uexp" 141
"C:/Users/mario/Documents/Unreal Projects/museoVR/MuseoVR/Content/VRTemplate/Blueprints/ArtGallery.uasset" 142
"C:/Users/mario/Documents/Unreal Projects/museoVR/MuseoVR/Content/VRTemplate/Blueprints/ArtGallery.uexp" 143
"../../../Engine/Content/EngineMaterials/DefaultDiffuse.uasset" 144
"../../../Engine/Content/EngineMaterials/DefaultDiffuse.uexp" 145
"../../../Engine/Content/EngineMaterials/DefaultDiffuse.ubulk" 146
"../../../Engine/Content/Functions/Engine_MaterialFunctions02/Utility/MakeFloat3.uasset" 147
"../../../Engine/Content/Functions/Engine_MaterialFunctions02/Utility/MakeFloat3.uexp" 148
"../../../Engine/Content/Functions/Engine_MaterialFunctions02/Utility/AppendMany.uasset" 149
"../../../Engine/Content/Functions/Engine_MaterialFunctions02/Utility/AppendMany.uexp" 150
"../../../Engine/Content/Functions/Engine_MaterialFunctions01/Gradient/LinearGradient.uasset" 151
"../../../Engine/Content/Functions/Engine_MaterialFunctions01/Gradient/LinearGradient.uexp" 152
"../../../Engine/Content/Functions/Engine_MaterialFunctions01/ImageAdjustment/CheapContrast.uasset" 153
"../../../Engine/Content/Functions/Engine_MaterialFunctions01/ImageAdjustment/CheapContrast.uexp" 154
"../../../Engine/Content/Functions/Engine_MaterialFunctions01/Texturing/WorldAlignedTexture.uasset" 155
"../../../Engine/Content/Functions/Engine_MaterialFunctions01/Texturing/WorldAlignedTexture.uexp" 156
"C:/Users/mario/Documents/Unreal Projects/museoVR/MuseoVR/Content/VRTemplate/Textures/T_Grid.uasset" 157
"C:/Users/mario/Documents/Unreal Projects/museoVR/MuseoVR/Content/VRTemplate/Textures/T_Grid.uexp" 158
"C:/Users/mario/Documents/Unreal Projects/museoVR/MuseoVR/Content/VRTemplate/Textures/T_Grid.ubulk" 159
"C:/Users/mario/Documents/Unreal Projects/museoVR/MuseoVR/Content/VRTemplate/Materials/M_GridRotation.uasset" 160
"C:/Users/mario/Documents/Unreal Projects/museoVR/MuseoVR/Content/VRTemplate/Materials/M_GridRotation.uexp" 161
"C:/Users/mario/Documents/Unreal Projects/museoVR/MuseoVR/Content/VRTemplate/Materials/MI_Grid_Accent.uasset" 162
"C:/Users/mario/Documents/Unreal Projects/museoVR/MuseoVR/Content/VRTemplate/Materials/MI_Grid_Accent.uexp" 163
"C:/Users/mario/Documents/Unreal Projects/museoVR/MuseoVR/Content/VRTemplate/Materials/MI_Grid_Default.uasset" 164
"C:/Users/mario/Documents/Unreal Projects/museoVR/MuseoVR/Content/VRTemplate/Materials/MI_Grid_Default.uexp" 165
"C:/Users/mario/Documents/Unreal Projects/museoVR/MuseoVR/Content/VRTemplate/Materials/Functions/MF_LightmassReplace.uasset" 166
"C:/Users/mario/Documents/Unreal Projects/museoVR/MuseoVR/Content/VRTemplate/Materials/Functions/MF_LightmassReplace.uexp" 167
"../../../Engine/Content/EngineMaterials/WorldGridMaterial.uasset" 168
"../../../Engine/Content/EngineMaterials/WorldGridMaterial.uexp" 169
"../../../Engine/Content/ArtTools/RenderToTexture/Meshes/S_1_Unit_Plane.uasset" 170
"../../../Engine/Content/ArtTools/RenderToTexture/Meshes/S_1_Unit_Plane.uexp" 171
"../../../Engine/Content/BasicShapes/Cone.uasset" 172
"../../../Engine/Content/BasicShapes/Cone.uexp" 173
"../../../Engine/Content/BasicShapes/Cube.uasset" 174
"../../../Engine/Content/BasicShapes/Cube.uexp" 175
"../../../Engine/Content/BasicShapes/Plane.uasset" 176
"../../../Engine/Content/BasicShapes/Plane.uexp" 177
"../../../Engine/Content/EditorLandscapeResources/DataLayer.uasset" 178
"../../../Engine/Content/EditorLandscapeResources/DataLayer.uexp" 179
"../../../Engine/Content/EditorLandscapeResources/DefaultAlphaTexture.uasset" 180
"../../../Engine/Content/EditorLandscapeResources/DefaultAlphaTexture.uexp" 181
"../../../Engine/Content/EditorMaterials/MAT_Groups_Toggle.uasset" 182
"../../../Engine/Content/EditorMaterials/MAT_Groups_Toggle.uexp" 183
"../../../Engine/Content/EditorMaterials/MAT_Groups_Visibility.uasset" 184
"../../../Engine/Content/EditorMaterials/MAT_Groups_Visibility.uexp" 185
"../../../Engine/Content/EditorMaterials/PreviewShadowIndicator.uasset" 186
"../../../Engine/Content/EditorMaterials/PreviewShadowIndicator.uexp" 187
"../../../Engine/Content/EditorMaterials/PreviewShadowIndicator.ubulk" 188
"../../../Engine/Content/EditorMaterials/PreviewShadowIndicatorMaterial.uasset" 189
"../../../Engine/Content/EditorMaterials/PreviewShadowIndicatorMaterial.uexp" 190
"../../../Engine/Content/EditorMaterials/MatineeGroups/MAT_ColorTrack.uasset" 191
"../../../Engine/Content/EditorMaterials/MatineeGroups/MAT_ColorTrack.uexp" 192
"../../../Engine/Content/EditorMaterials/MatineeGroups/MAT_Groups_Anim.uasset" 193
"../../../Engine/Content/EditorMaterials/MatineeGroups/MAT_Groups_Anim.uexp" 194
"../../../Engine/Content/EditorMaterials/MatineeGroups/MAT_Groups_AudioMaster.uasset" 195
"../../../Engine/Content/EditorMaterials/MatineeGroups/MAT_Groups_AudioMaster.uexp" 196
"../../../Engine/Content/EditorMaterials/MatineeGroups/MAT_Groups_Director.uasset" 197
"../../../Engine/Content/EditorMaterials/MatineeGroups/MAT_Groups_Director.uexp" 198
"../../../Engine/Content/EditorMaterials/MatineeGroups/MAT_Groups_Event.uasset" 199
"../../../Engine/Content/EditorMaterials/MatineeGroups/MAT_Groups_Event.uexp" 200
"../../../Engine/Content/EditorMaterials/MatineeGroups/MAT_Groups_Fade.uasset" 201
"../../../Engine/Content/EditorMaterials/MatineeGroups/MAT_Groups_Fade.uexp" 202
"../../../Engine/Content/EditorMaterials/MatineeGroups/MAT_Groups_Float.uasset" 203
"../../../Engine/Content/EditorMaterials/MatineeGroups/MAT_Groups_Float.uexp" 204
"../../../Engine/Content/EditorMaterials/MatineeGroups/MAT_Groups_Move.uasset" 205
"../../../Engine/Content/EditorMaterials/MatineeGroups/MAT_Groups_Move.uexp" 206
"../../../Engine/Content/EditorMaterials/MatineeGroups/MAT_Groups_Slomo.uasset" 207
"../../../Engine/Content/EditorMaterials/MatineeGroups/MAT_Groups_Slomo.uexp" 208
"../../../Engine/Content/EditorMaterials/MatineeGroups/MAT_Groups_Sound.uasset" 209
"../../../Engine/Content/EditorMaterials/MatineeGroups/MAT_Groups_Sound.uexp" 210
"../../../Engine/Content/EditorMaterials/MatineeGroups/MAT_Groups_Vector.uasset" 211
"../../../Engine/Content/EditorMaterials/MatineeGroups/MAT_Groups_Vector.uexp" 212
"../../../Engine/Content/EditorMaterials/ParticleSystems/PSysThumbnail_NoImage.uasset" 213
"../../../Engine/Content/EditorMaterials/ParticleSystems/PSysThumbnail_NoImage.uexp" 214
"../../../Engine/Content/EditorMaterials/ParticleSystems/PSysThumbnail_NoImage.ubulk" 215
"../../../Engine/Content/EditorMaterials/ParticleSystems/PSysThumbnail_OOD.uasset" 216
"../../../Engine/Content/EditorMaterials/ParticleSystems/PSysThumbnail_OOD.uexp" 217
"../../../Engine/Content/EditorMaterials/ParticleSystems/PSysThumbnail_OOD.ubulk" 218
"../../../Engine/Content/EditorMaterials/Camera/CineMat.uasset" 219
"../../../Engine/Content/EditorMaterials/Camera/CineMat.uexp" 220
"../../../Engine/Content/EditorMaterials/Camera/MI_CineMat_Rig.uasset" 221
"../../../Engine/Content/EditorMaterials/Camera/MI_CineMat_Rig.uexp" 222
"../../../Engine/Content/EditorMeshes/Camera/SM_CraneRig_Arm.uasset" 223
"../../../Engine/Content/EditorMeshes/Camera/SM_CraneRig_Arm.uexp" 224
"../../../Engine/Content/EditorMeshes/Camera/SM_CraneRig_Base.uasset" 225
"../../../Engine/Content/EditorMeshes/Camera/SM_CraneRig_Base.uexp" 226
"../../../Engine/Content/EditorMeshes/Camera/SM_CraneRig_Body.uasset" 227
"../../../Engine/Content/EditorMeshes/Camera/SM_CraneRig_Body.uexp" 228
"../../../Engine/Content/EditorMeshes/Camera/SM_CraneRig_Mount.uasset" 229
"../../../Engine/Content/EditorMeshes/Camera/SM_CraneRig_Mount.uexp" 230
"../../../Engine/Content/EditorMeshes/Camera/SM_RailRig_Mount.uasset" 231
"../../../Engine/Content/EditorMeshes/Camera/SM_RailRig_Mount.uexp" 232
"../../../Engine/Content/EditorMeshes/Camera/SM_RailRig_Track.uasset" 233
"../../../Engine/Content/EditorMeshes/Camera/SM_RailRig_Track.uexp" 234
"../../../Engine/Content/EditorResources/BSPVertex.uasset" 235
"../../../Engine/Content/EditorResources/BSPVertex.uexp" 236
"../../../Engine/Content/EditorResources/EmptyActor.uasset" 237
"../../../Engine/Content/EditorResources/EmptyActor.uexp" 238
"../../../Engine/Content/EditorResources/S_Actor.uasset" 239
"../../../Engine/Content/EditorResources/S_Actor.uexp" 240
"../../../Engine/Content/EditorResources/S_Actor.ubulk" 241
"../../../Engine/Content/EditorResources/S_Note.uasset" 242
"../../../Engine/Content/EditorResources/S_Note.uexp" 243
"../../../Engine/Content/EditorResources/S_Note.ubulk" 244
"../../../Engine/Content/EditorResources/S_Solver.uasset" 245
"../../../Engine/Content/EditorResources/S_Solver.uexp" 246
"../../../Engine/Content/EditorResources/S_Solver.ubulk" 247
"../../../Engine/Content/EditorResources/S_Terrain.uasset" 248
"../../../Engine/Content/EditorResources/S_Terrain.uexp" 249
"../../../Engine/Content/EditorResources/S_Terrain.ubulk" 250
"../../../Engine/Content/EditorResources/S_Trigger.uasset" 251
"../../../Engine/Content/EditorResources/S_Trigger.uexp" 252
"../../../Engine/Content/EditorResources/S_Trigger.ubulk" 253
"../../../Engine/Content/EditorResources/AudioIcons/S_AudioComponent.uasset" 254
"../../../Engine/Content/EditorResources/AudioIcons/S_AudioComponent.uexp" 255
"../../../Engine/Content/EditorResources/AudioIcons/S_AudioComponent.ubulk" 256
"../../../Engine/Content/EditorResources/LightIcons/S_LightError.uasset" 257
"../../../Engine/Content/EditorResources/LightIcons/S_LightError.uexp" 258
"../../../Engine/Content/EditorResources/SequenceRecorder/Countdown.uasset" 259
"../../../Engine/Content/EditorResources/SequenceRecorder/Countdown.uexp" 260
"../../../Engine/Content/EditorResources/SequenceRecorder/RecordingIndicator.uasset" 261
"../../../Engine/Content/EditorResources/SequenceRecorder/RecordingIndicator.uexp" 262
"../../../Engine/Content/EngineDamageTypes/DmgTypeBP_Environmental.uasset" 263
"../../../Engine/Content/EngineDamageTypes/DmgTypeBP_Environmental.uexp" 264
"../../../Engine/Content/EngineDebugMaterials/DebugEditorMaterial.uasset" 265
"../../../Engine/Content/EngineDebugMaterials/DebugEditorMaterial.uexp" 266
"../../../Engine/Content/EngineDebugMaterials/DebugMeshMaterial.uasset" 267
"../../../Engine/Content/EngineDebugMaterials/DebugMeshMaterial.uexp" 268
"../../../Engine/Content/EngineDebugMaterials/M_SimpleUnlitTranslucent.uasset" 269
"../../../Engine/Content/EngineDebugMaterials/M_SimpleUnlitTranslucent.uexp" 270
"../../../Engine/Content/EngineDebugMaterials/VolumeToRender.uasset" 271
"../../../Engine/Content/EngineDebugMaterials/VolumeToRender.uexp" 272
"../../../Engine/Content/Functions/Engine_MaterialFunctions02/Utility/CameraDirectionVector.uasset" 273
"../../../Engine/Content/Functions/Engine_MaterialFunctions02/Utility/CameraDirectionVector.uexp" 274
"../../../Engine/Content/EngineDebugMaterials/M_VolumeRenderSphereTracePP.uasset" 275
"../../../Engine/Content/EngineDebugMaterials/M_VolumeRenderSphereTracePP.uexp" 276
"../../../Engine/Content/Functions/Engine_MaterialFunctions01/Shading/ConvertFromDiffSpec.uasset" 277
"../../../Engine/Content/Functions/Engine_MaterialFunctions01/Shading/ConvertFromDiffSpec.uexp" 278
"../../../Engine/Content/EngineDebugMaterials/VertexColorMaterial.uasset" 279
"../../../Engine/Content/EngineDebugMaterials/VertexColorMaterial.uexp" 280
"../../../Engine/Content/EngineDebugMaterials/WireframeMaterial.uasset" 281
"../../../Engine/Content/EngineDebugMaterials/WireframeMaterial.uexp" 282
"../../../Engine/Content/EngineFonts/Faces/RobotoRegular.uasset" 283
"../../../Engine/Content/EngineFonts/Faces/RobotoRegular.uexp" 284
"../../../Engine/Content/EngineFonts/Faces/RobotoRegular.ufont" 285
"../../../Engine/Content/EngineFonts/Faces/RobotoLight.uasset" 286
"../../../Engine/Content/EngineFonts/Faces/RobotoLight.uexp" 287
"../../../Engine/Content/EngineFonts/Faces/RobotoLight.ufont" 288
"../../../Engine/Content/EngineFonts/Faces/RobotoItalic.uasset" 289
"../../../Engine/Content/EngineFonts/Faces/RobotoItalic.uexp" 290
"../../../Engine/Content/EngineFonts/Faces/RobotoItalic.ufont" 291
"../../../Engine/Content/EngineFonts/Faces/RobotoBoldItalic.uasset" 292
"../../../Engine/Content/EngineFonts/Faces/RobotoBoldItalic.uexp" 293
"../../../Engine/Content/EngineFonts/Faces/RobotoBoldItalic.ufont" 294
"../../../Engine/Content/EngineFonts/Faces/RobotoBold.uasset" 295
"../../../Engine/Content/EngineFonts/Faces/RobotoBold.uexp" 296
"../../../Engine/Content/EngineFonts/Faces/RobotoBold.ufont" 297
"../../../Engine/Content/EngineFonts/Faces/DroidSansFallback.uasset" 298
"../../../Engine/Content/EngineFonts/Faces/DroidSansFallback.uexp" 299
"../../../Engine/Content/EngineFonts/Faces/DroidSansFallback.ufont" 300
"../../../Engine/Content/EngineFonts/Roboto.uasset" 301
"../../../Engine/Content/EngineFonts/Roboto.uexp" 302
"../../../Engine/Content/EngineMaterials/BaseFlattenNormalMap.uasset" 303
"../../../Engine/Content/EngineMaterials/BaseFlattenNormalMap.uexp" 304
"../../../Engine/Content/EngineMaterials/BaseFlattenGrayscaleMap.uasset" 305
"../../../Engine/Content/EngineMaterials/BaseFlattenGrayscaleMap.uexp" 306
"../../../Engine/Content/EngineMaterials/BaseFlattenEmissiveMap.uasset" 307
"../../../Engine/Content/EngineMaterials/BaseFlattenEmissiveMap.uexp" 308
"../../../Engine/Content/EngineMaterials/BaseFlattenDiffuseMap.uasset" 309
"../../../Engine/Content/EngineMaterials/BaseFlattenDiffuseMap.uexp" 310
"../../../Engine/Content/EngineMaterials/BaseFlattenMaterial.uasset" 311
"../../../Engine/Content/EngineMaterials/BaseFlattenMaterial.uexp" 312
"../../../Engine/Content/EngineMaterials/BlueNoise.uasset" 313
"../../../Engine/Content/EngineMaterials/BlueNoise.uexp" 314
"../../../Engine/Content/EngineMaterials/DefaultBloomKernel.uasset" 315
"../../../Engine/Content/EngineMaterials/DefaultBloomKernel.uexp" 316
"../../../Engine/Content/EngineMaterials/DefaultBokeh.uasset" 317
"../../../Engine/Content/EngineMaterials/DefaultBokeh.uexp" 318
"../../../Engine/Content/EngineMaterials/DefaultDeferredDecalMaterial.uasset" 319
"../../../Engine/Content/EngineMaterials/DefaultDeferredDecalMaterial.uexp" 320
"../../../Engine/Content/EngineMaterials/DefaultLightFunctionMaterial.uasset" 321
"../../../Engine/Content/EngineMaterials/DefaultLightFunctionMaterial.uexp" 322
"../../../Engine/Content/EngineMaterials/DefaultPhysicalMaterial.uasset" 323
"../../../Engine/Content/EngineMaterials/DefaultPhysicalMaterial.uexp" 324
"../../../Engine/Content/Functions/Engine_MaterialFunctions02/Utility/BreakOutFloat2Components.uasset" 325
"../../../Engine/Content/Functions/Engine_MaterialFunctions02/Utility/BreakOutFloat2Components.uexp" 326
"../../../Engine/Content/EngineMaterials/DefaultPostProcessMaterial.uasset" 327
"../../../Engine/Content/EngineMaterials/DefaultPostProcessMaterial.uexp" 328
"../../../Engine/Content/EngineFonts/RobotoDistanceField.uasset" 329
"../../../Engine/Content/EngineFonts/RobotoDistanceField.uexp" 330
"../../../Engine/Content/EngineMaterials/DefaultTextMaterialOpaque.uasset" 331
"../../../Engine/Content/EngineMaterials/DefaultTextMaterialOpaque.uexp" 332
"../../../Engine/Content/EngineMaterials/DefaultWhiteGrid.uasset" 333
"../../../Engine/Content/EngineMaterials/DefaultWhiteGrid.uexp" 334
"../../../Engine/Content/EngineMaterials/DefaultWhiteGrid.ubulk" 335
"../../../Engine/Content/EngineMaterials/DefaultWhiteGrid_Low.uasset" 336
"../../../Engine/Content/EngineMaterials/DefaultWhiteGrid_Low.uexp" 337
"../../../Engine/Content/EngineMaterials/EmissiveMeshMaterial.uasset" 338
"../../../Engine/Content/EngineMaterials/EmissiveMeshMaterial.uexp" 339
"../../../Engine/Content/EngineMaterials/GizmoMaterial.uasset" 340
"../../../Engine/Content/EngineMaterials/GizmoMaterial.uexp" 341
"../../../Engine/Content/EngineMaterials/MiniFont.uasset" 342
"../../../Engine/Content/EngineMaterials/MiniFont.uexp" 343
"../../../Engine/Content/EngineMaterials/InvalidLightmapSettings.uasset" 344
"../../../Engine/Content/EngineMaterials/InvalidLightmapSettings.uexp" 345
"../../../Engine/Content/EngineMaterials/InvalidLightmapSettings.ubulk" 346
"../../../Engine/Content/EngineMaterials/M_InvalidLightmapSettings.uasset" 347
"../../../Engine/Content/EngineMaterials/M_InvalidLightmapSettings.uexp" 348
"../../../Engine/Content/Functions/Engine_MaterialFunctions02/WorldPositionOffset/CameraOffset.uasset" 349
"../../../Engine/Content/Functions/Engine_MaterialFunctions02/WorldPositionOffset/CameraOffset.uexp" 350
"../../../Engine/Content/EngineMaterials/PhAT_JointLimitMaterial.uasset" 351
"../../../Engine/Content/EngineMaterials/PhAT_JointLimitMaterial.uexp" 352
"../../../Engine/Content/EngineMaterials/PreintegratedSkinBRDF.uasset" 353
"../../../Engine/Content/EngineMaterials/PreintegratedSkinBRDF.uexp" 354
"../../../Engine/Content/EngineMaterials/RemoveSurfaceMaterial.uasset" 355
"../../../Engine/Content/EngineMaterials/RemoveSurfaceMaterial.uexp" 356
"../../../Engine/Content/EngineMaterials/WeightMapPlaceholderTexture.uasset" 357
"../../../Engine/Content/EngineMaterials/WeightMapPlaceholderTexture.uexp" 358
"../../../Engine/Content/EngineResources/WhiteSquareTexture.uasset" 359
"../../../Engine/Content/EngineResources/WhiteSquareTexture.uexp" 360
"../../../Engine/Content/EngineMaterials/Widget3DPassThrough.uasset" 361
"../../../Engine/Content/EngineMaterials/Widget3DPassThrough.uexp" 362
"../../../Engine/Content/EngineMaterials/Widget3DPassThrough_Masked.uasset" 363
"../../../Engine/Content/EngineMaterials/Widget3DPassThrough_Masked.uexp" 364
"../../../Engine/Content/EngineMaterials/Widget3DPassThrough_Opaque.uasset" 365
"../../../Engine/Content/EngineMaterials/Widget3DPassThrough_Opaque.uexp" 366
"../../../Engine/Content/EngineMaterials/Widget3DPassThrough_Masked_OneSided.uasset" 367
"../../../Engine/Content/EngineMaterials/Widget3DPassThrough_Masked_OneSided.uexp" 368
"../../../Engine/Content/EngineMaterials/Widget3DPassThrough_Opaque_OneSided.uasset" 369
"../../../Engine/Content/EngineMaterials/Widget3DPassThrough_Opaque_OneSided.uexp" 370
"../../../Engine/Content/EngineMaterials/Widget3DPassThrough_Translucent.uasset" 371
"../../../Engine/Content/EngineMaterials/Widget3DPassThrough_Translucent.uexp" 372
"../../../Engine/Content/EngineMaterials/Widget3DPassThrough_Translucent_OneSided.uasset" 373
"../../../Engine/Content/EngineMaterials/Widget3DPassThrough_Translucent_OneSided.uexp" 374
"../../../Engine/Content/EngineMeshes/Cube.uasset" 375
"../../../Engine/Content/EngineMeshes/Cube.uexp" 376
"../../../Engine/Content/EngineMeshes/Cylinder.uasset" 377
"../../../Engine/Content/EngineMeshes/Cylinder.uexp" 378
"../../../Engine/Content/EngineMeshes/Sphere.uasset" 379
"../../../Engine/Content/EngineMeshes/Sphere.uexp" 380
"../../../Engine/Content/EngineResources/DefaultTexture.uasset" 381
"../../../Engine/Content/EngineResources/DefaultTexture.uexp" 382
"../../../Engine/Content/EngineResources/DefaultTexture.ubulk" 383
"../../../Engine/Content/EngineResources/DefaultTextureCube.uasset" 384
"../../../Engine/Content/EngineResources/DefaultTextureCube.uexp" 385
"../../../Engine/Content/EngineResources/DefaultVolumeTexture2D.uasset" 386
"../../../Engine/Content/EngineResources/DefaultVolumeTexture2D.uexp" 387
"../../../Engine/Content/EngineResources/DefaultVolumeTexture.uasset" 388
"../../../Engine/Content/EngineResources/DefaultVolumeTexture.uexp" 389
"../../../Engine/Content/EngineResources/GradientTexture0.uasset" 390
"../../../Engine/Content/EngineResources/GradientTexture0.uexp" 391
"../../../Engine/Content/EngineSky/VolumetricClouds/T_NoiseShape64.uasset" 392
"../../../Engine/Content/EngineSky/VolumetricClouds/T_NoiseShape64.uexp" 393
"../../../Engine/Content/EngineSky/VolumetricClouds/T_NoiseShape64.ubulk" 394
"../../../Engine/Content/EngineSky/VolumetricClouds/T_VolumeNoiseShape64.uasset" 395
"../../../Engine/Content/EngineSky/VolumetricClouds/T_VolumeNoiseShape64.uexp" 396
"../../../Engine/Content/EngineSky/VolumetricClouds/T_NoiseErosion.uasset" 397
"../../../Engine/Content/EngineSky/VolumetricClouds/T_NoiseErosion.uexp" 398
"../../../Engine/Content/EngineSky/VolumetricClouds/T_NoiseErosion.ubulk" 399
"../../../Engine/Content/EngineSky/VolumetricClouds/T_VolumeNoiseErosion32.uasset" 400
"../../../Engine/Content/EngineSky/VolumetricClouds/T_VolumeNoiseErosion32.uexp" 401
"../../../Engine/Content/EngineSky/VolumetricClouds/CloudWeatherTexture.uasset" 402
"../../../Engine/Content/EngineSky/VolumetricClouds/CloudWeatherTexture.uexp" 403
"../../../Engine/Content/EngineSky/VolumetricClouds/CloudGradientTexture.uasset" 404
"../../../Engine/Content/EngineSky/VolumetricClouds/CloudGradientTexture.uexp" 405
"../../../Engine/Content/Functions/Engine_MaterialFunctions02/Utility/MakeFloat2.uasset" 406
"../../../Engine/Content/Functions/Engine_MaterialFunctions02/Utility/MakeFloat2.uexp" 407
"../../../Engine/Content/EngineSky/VolumetricClouds/m_SimpleVolumetricCloud.uasset" 408
"../../../Engine/Content/EngineSky/VolumetricClouds/m_SimpleVolumetricCloud.uexp" 409
"../../../Engine/Content/EngineSky/VolumetricClouds/m_SimpleVolumetricCloud_Inst.uasset" 410
"../../../Engine/Content/EngineSky/VolumetricClouds/m_SimpleVolumetricCloud_Inst.uexp" 411
"../../../Engine/Content/EngineSounds/Master.uasset" 412
"../../../Engine/Content/EngineSounds/Master.uexp" 413
"../../../Engine/Content/Functions/Engine_MaterialFunctions01/Shading/PowerToRoughness.uasset" 414
"../../../Engine/Content/Functions/Engine_MaterialFunctions01/Shading/PowerToRoughness.uexp" 415
"../../../Engine/Content/Maps/Templates/Thumbnails/Default.uasset" 416
"../../../Engine/Content/Maps/Templates/Thumbnails/Default.uexp" 417
"../../../Engine/Content/Maps/Templates/Thumbnails/TimeOfDay.uasset" 418
"../../../Engine/Content/Maps/Templates/Thumbnails/TimeOfDay.uexp" 419
"../../../Engine/Content/Maps/Templates/Thumbnails/VR-Basic.uasset" 420
"../../../Engine/Content/Maps/Templates/Thumbnails/VR-Basic.uexp" 421
"../../../Engine/Content/MobileResources/T_MobileControls_texture.uasset" 422
"../../../Engine/Content/MobileResources/T_MobileControls_texture.uexp" 423
"../../../Engine/Content/MobileResources/T_MobileMenu2.uasset" 424
"../../../Engine/Content/MobileResources/T_MobileMenu2.uexp" 425
"../../../Engine/Content/MobileResources/HUD/AnalogHat.uasset" 426
"../../../Engine/Content/MobileResources/HUD/AnalogHat.uexp" 427
"../../../Engine/Content/MobileResources/HUD/VirtualJoystick_Thumb.uasset" 428
"../../../Engine/Content/MobileResources/HUD/VirtualJoystick_Thumb.uexp" 429
"../../../Engine/Content/MobileResources/HUD/VirtualJoystick_Background.uasset" 430
"../../../Engine/Content/MobileResources/HUD/VirtualJoystick_Background.uexp" 431
"../../../Engine/Content/MobileResources/HUD/DefaultVirtualJoysticks.uasset" 432
"../../../Engine/Content/MobileResources/HUD/DefaultVirtualJoysticks.uexp" 433
"../../../Engine/Content/MobileResources/HUD/LeftVirtualJoystickOnly.uasset" 434
"../../../Engine/Content/MobileResources/HUD/LeftVirtualJoystickOnly.uexp" 435
"../../../Engine/Content/MobileResources/HUD/MobileHUDButton1_off.uasset" 436
"../../../Engine/Content/MobileResources/HUD/MobileHUDButton1_off.uexp" 437
"../../../Engine/Content/MobileResources/HUD/MobileHUDButton1_on.uasset" 438
"../../../Engine/Content/MobileResources/HUD/MobileHUDButton1_on.uexp" 439
"../../../Engine/Content/MobileResources/HUD/MobileHUDButton2_off.uasset" 440
"../../../Engine/Content/MobileResources/HUD/MobileHUDButton2_off.uexp" 441
"../../../Engine/Content/MobileResources/HUD/MobileHUDButton2_on.uasset" 442
"../../../Engine/Content/MobileResources/HUD/MobileHUDButton2_on.uexp" 443
"../../../Engine/Content/MobileResources/HUD/MobileHUDButton3.uasset" 444
"../../../Engine/Content/MobileResources/HUD/MobileHUDButton3.uexp" 445
"../../../Engine/Content/MobileResources/HUD/MobileHUDButtonFire.uasset" 446
"../../../Engine/Content/MobileResources/HUD/MobileHUDButtonFire.uexp" 447
"../../../Engine/Content/MobileResources/HUD/MobileHUDDirectionPad.uasset" 448
"../../../Engine/Content/MobileResources/HUD/MobileHUDDirectionPad.uexp" 449
"../../../Engine/Content/MobileResources/HUD/MobileHUDDirectionPad2.uasset" 450
"../../../Engine/Content/MobileResources/HUD/MobileHUDDirectionPad2.uexp" 451
"../../../Engine/Content/MobileResources/HUD/MobileHUDDirectionPad3.uasset" 452
"../../../Engine/Content/MobileResources/HUD/MobileHUDDirectionPad3.uexp" 453
"../../../Engine/Content/MobileResources/HUD/MobileHUDDirectionStick.uasset" 454
"../../../Engine/Content/MobileResources/HUD/MobileHUDDirectionStick.uexp" 455
"../../../Engine/Content/MobileResources/HUD/T_Castle_ThumbstickInner.uasset" 456
"../../../Engine/Content/MobileResources/HUD/T_Castle_ThumbstickInner.uexp" 457
"../../../Engine/Content/MobileResources/HUD/T_Castle_ThumbstickOutter.uasset" 458
"../../../Engine/Content/MobileResources/HUD/T_Castle_ThumbstickOutter.uexp" 459
"../../../Engine/Content/Tutorial/ContentIntroCurve.uasset" 460
"../../../Engine/Content/Tutorial/ContentIntroCurve.uexp" 461
"../../../Engine/Content/Tutorial/BlueprintTutorials/TutorialAssets/Blueprint_64x.uasset" 462
"../../../Engine/Content/Tutorial/BlueprintTutorials/TutorialAssets/Blueprint_64x.uexp" 463
"../../../Engine/Content/VREditor/TransformGizmo/TranslucentTransformGizmoMaterial.uasset" 464
"../../../Engine/Content/VREditor/TransformGizmo/TranslucentTransformGizmoMaterial.uexp" 465
"../../../Engine/Content/VREditor/LaserPointer/VR_LaserPower_01.uasset" 466
"../../../Engine/Content/VREditor/LaserPointer/VR_LaserPower_01.uexp" 467
"../../../Engine/Content/VREditor/LaserPointer/VR_LaserPower_01.ubulk" 468
"../../../Engine/Content/VREditor/TransformGizmo/TransformGizmoMaterial.uasset" 469
"../../../Engine/Content/VREditor/TransformGizmo/TransformGizmoMaterial.uexp" 470
"../../../Engine/Content/VREditor/TransformGizmo/BoundingBoxCorner.uasset" 471
"../../../Engine/Content/VREditor/TransformGizmo/BoundingBoxCorner.uexp" 472
"../../../Engine/Content/VREditor/TransformGizmo/BoundingBoxEdge.uasset" 473
"../../../Engine/Content/VREditor/TransformGizmo/BoundingBoxEdge.uexp" 474
"../../../Engine/Content/VREditor/TransformGizmo/PlaneTranslationHandle.uasset" 475
"../../../Engine/Content/VREditor/TransformGizmo/PlaneTranslationHandle.uexp" 476
"../../../Engine/Content/VREditor/TransformGizmo/Xray.uasset" 477
"../../../Engine/Content/VREditor/TransformGizmo/Xray.uexp" 478
"../../../Engine/Content/VREditor/TransformGizmo/Main.uasset" 479
"../../../Engine/Content/VREditor/TransformGizmo/Main.uexp" 480
"../../../Engine/Content/VREditor/TransformGizmo/SM_Sequencer_Key.uasset" 481
"../../../Engine/Content/VREditor/TransformGizmo/SM_Sequencer_Key.uexp" 482
"../../../Engine/Content/VREditor/TransformGizmo/SM_Sequencer_Node.uasset" 483
"../../../Engine/Content/VREditor/TransformGizmo/SM_Sequencer_Node.uexp" 484
"../../../Engine/Plugins/2D/Paper2D/Content/PlaceholderTextures/DummySpriteTexture.uasset" 485
"../../../Engine/Plugins/2D/Paper2D/Content/PlaceholderTextures/DummySpriteTexture.uexp" 486
"../../../Engine/Plugins/2D/Paper2D/Content/PlaceholderTextures/DummySpriteTexture.ubulk" 487
"../../../Engine/Plugins/2D/Paper2D/Content/DummySprite.uasset" 488
"../../../Engine/Plugins/2D/Paper2D/Content/DummySprite.uexp" 489
"../../../Engine/Plugins/2D/Paper2D/Content/DefaultPaperTerrainMaterial.uasset" 490
"../../../Engine/Plugins/2D/Paper2D/Content/DefaultPaperTerrainMaterial.uexp" 491
"../../../Engine/Plugins/2D/Paper2D/Content/DefaultSpriteMaterial.uasset" 492
"../../../Engine/Plugins/2D/Paper2D/Content/DefaultSpriteMaterial.uexp" 493
"../../../Engine/Plugins/2D/Paper2D/Content/MaskedUnlitSpriteMaterial.uasset" 494
"../../../Engine/Plugins/2D/Paper2D/Content/MaskedUnlitSpriteMaterial.uexp" 495
"../../../Engine/Plugins/2D/Paper2D/Content/OpaqueUnlitSpriteMaterial.uasset" 496
"../../../Engine/Plugins/2D/Paper2D/Content/OpaqueUnlitSpriteMaterial.uexp" 497
"../../../Engine/Content/Functions/Engine_MaterialFunctions02/Utility/BreakOutFloat3Components.uasset" 498
"../../../Engine/Content/Functions/Engine_MaterialFunctions02/Utility/BreakOutFloat3Components.uexp" 499
"../../../Engine/Plugins/Editor/SpeedTreeImporter/Content/SpeedTree9/UnpackInteger3.uasset" 500
"../../../Engine/Plugins/Editor/SpeedTreeImporter/Content/SpeedTree9/UnpackInteger3.uexp" 501
"../../../Engine/Plugins/Editor/SpeedTreeImporter/Content/SpeedTree9/UnpackDirection.uasset" 502
"../../../Engine/Plugins/Editor/SpeedTreeImporter/Content/SpeedTree9/UnpackDirection.uexp" 503
"../../../Engine/Plugins/Editor/SpeedTreeImporter/Content/SpeedTree9/game_wind_noise.uasset" 504
"../../../Engine/Plugins/Editor/SpeedTreeImporter/Content/SpeedTree9/game_wind_noise.uexp" 505
"../../../Engine/Plugins/Editor/SpeedTreeImporter/Content/SpeedTree9/game_wind_noise.ubulk" 506
"../../../Engine/Content/Functions/Engine_MaterialFunctions02/SafeNormalize.uasset" 507
"../../../Engine/Content/Functions/Engine_MaterialFunctions02/SafeNormalize.uexp" 508
"../../../Engine/Plugins/Editor/SpeedTreeImporter/Content/SpeedTree9/SpeedTreeWindMotion.uasset" 509
"../../../Engine/Plugins/Editor/SpeedTreeImporter/Content/SpeedTree9/SpeedTreeWindMotion.uexp" 510
"../../../Engine/Plugins/Editor/SpeedTreeImporter/Content/SpeedTree9/SpeedTreeBranchMotion.uasset" 511
"../../../Engine/Plugins/Editor/SpeedTreeImporter/Content/SpeedTree9/SpeedTreeBranchMotion.uexp" 512
"../../../Engine/Content/Functions/Engine_MaterialFunctions02/ObjectLocalBounds.uasset" 513
"../../../Engine/Content/Functions/Engine_MaterialFunctions02/ObjectLocalBounds.uexp" 514
"../../../Engine/Content/Functions/Engine_MaterialFunctions02/UVs/BoundingBoxBased_0-1_UVW.uasset" 515
"../../../Engine/Content/Functions/Engine_MaterialFunctions02/UVs/BoundingBoxBased_0-1_UVW.uexp" 516
"../../../Engine/Content/Functions/Engine_MaterialFunctions02/Utility/VectorLength.uasset" 517
"../../../Engine/Content/Functions/Engine_MaterialFunctions02/Utility/VectorLength.uexp" 518
"../../../Engine/Content/Functions/Engine_MaterialFunctions02/WorldPositionOffset/ObjectScale.uasset" 519
"../../../Engine/Content/Functions/Engine_MaterialFunctions02/WorldPositionOffset/ObjectScale.uexp" 520
"../../../Engine/Plugins/Editor/SpeedTreeImporter/Content/SpeedTree9/SpeedTreeWind.uasset" 521
"../../../Engine/Plugins/Editor/SpeedTreeImporter/Content/SpeedTree9/SpeedTreeWind.uexp" 522
"../../../Engine/Plugins/Editor/SpeedTreeImporter/Content/SpeedTree9/SpeedTreeBillboard.uasset" 523
"../../../Engine/Plugins/Editor/SpeedTreeImporter/Content/SpeedTree9/SpeedTreeBillboard.uexp" 524
"../../../Engine/Plugins/Editor/SpeedTreeImporter/Content/SpeedTree9/EmptyNormal.uasset" 525
"../../../Engine/Plugins/Editor/SpeedTreeImporter/Content/SpeedTree9/EmptyNormal.uexp" 526
"../../../Engine/Plugins/Editor/SpeedTreeImporter/Content/SpeedTree9/Empty.uasset" 527
"../../../Engine/Plugins/Editor/SpeedTreeImporter/Content/SpeedTree9/Empty.uexp" 528
"../../../Engine/Plugins/Editor/SpeedTreeImporter/Content/SpeedTree9/SpeedTreeBillboardMaster.uasset" 529
"../../../Engine/Plugins/Editor/SpeedTreeImporter/Content/SpeedTree9/SpeedTreeBillboardMaster.uexp" 530
"../../../Engine/Plugins/Editor/SpeedTreeImporter/Content/SpeedTree9/SpeedTreeCameraFacing.uasset" 531
"../../../Engine/Plugins/Editor/SpeedTreeImporter/Content/SpeedTree9/SpeedTreeCameraFacing.uexp" 532
"../../../Engine/Plugins/Editor/SpeedTreeImporter/Content/SpeedTree9/SpeedTreeMaster.uasset" 533
"../../../Engine/Plugins/Editor/SpeedTreeImporter/Content/SpeedTree9/SpeedTreeMaster.uexp" 534
"../../../Engine/Content/ArtTools/RenderToTexture/Materials/Debug/M_Emissive_Color.uasset" 535
"../../../Engine/Content/ArtTools/RenderToTexture/Materials/Debug/M_Emissive_Color.uexp" 536
"../../../Engine/Content/BasicShapes/Cylinder.uasset" 537
"../../../Engine/Content/BasicShapes/Cylinder.uexp" 538
"../../../Engine/Plugins/Lumin/MagicLeapPassableWorld/Content/MagicLeapARPinInfoActor.uasset" 539
"../../../Engine/Plugins/Lumin/MagicLeapPassableWorld/Content/MagicLeapARPinInfoActor.uexp" 540
"../../../Engine/Plugins/Runtime/OpenXR/Content/Devices/GoogleDaydream/MRTexture.uasset" 541
"../../../Engine/Plugins/Runtime/OpenXR/Content/Devices/GoogleDaydream/MRTexture.uexp" 542
"../../../Engine/Plugins/Runtime/OpenXR/Content/Devices/GoogleDaydream/MRTexture.ubulk" 543
"../../../Engine/Plugins/Runtime/OpenXR/Content/Devices/GoogleDaydream/BaseTexture.uasset" 544
"../../../Engine/Plugins/Runtime/OpenXR/Content/Devices/GoogleDaydream/BaseTexture.uexp" 545
"../../../Engine/Plugins/Runtime/OpenXR/Content/Devices/GoogleDaydream/BaseTexture.ubulk" 546
"../../../Engine/Content/EngineResources/Black.uasset" 547
"../../../Engine/Content/EngineResources/Black.uexp" 548
"../../../Engine/Plugins/Runtime/OpenXR/Content/Devices/M_XRController.uasset" 549
"../../../Engine/Plugins/Runtime/OpenXR/Content/Devices/M_XRController.uexp" 550
"../../../Engine/Plugins/Runtime/OpenXR/Content/Devices/GoogleDaydream/MI_GoogleDaydream.uasset" 551
"../../../Engine/Plugins/Runtime/OpenXR/Content/Devices/GoogleDaydream/MI_GoogleDaydream.uexp" 552
"../../../Engine/Plugins/Runtime/OpenXR/Content/Devices/GoogleDaydream/GoogleDaydreamController.uasset" 553
"../../../Engine/Plugins/Runtime/OpenXR/Content/Devices/GoogleDaydream/GoogleDaydreamController.uexp" 554
"../../../Engine/Plugins/Runtime/OpenXR/Content/Devices/HTCVive/BaseTexture.uasset" 555
"../../../Engine/Plugins/Runtime/OpenXR/Content/Devices/HTCVive/BaseTexture.uexp" 556
"../../../Engine/Plugins/Runtime/OpenXR/Content/Devices/HTCVive/BaseTexture.ubulk" 557
"../../../Engine/Plugins/Runtime/OpenXR/Content/Devices/HTCVive/MI_HTCVive.uasset" 558
"../../../Engine/Plugins/Runtime/OpenXR/Content/Devices/HTCVive/MI_HTCVive.uexp" 559
"../../../Engine/Plugins/Runtime/OpenXR/Content/Devices/HTCVive/HTCViveController.uasset" 560
"../../../Engine/Plugins/Runtime/OpenXR/Content/Devices/HTCVive/HTCViveController.uexp" 561
"../../../Engine/Plugins/Runtime/OpenXR/Content/Devices/MicrosoftMixedReality/NormalTexture.uasset" 562
"../../../Engine/Plugins/Runtime/OpenXR/Content/Devices/MicrosoftMixedReality/NormalTexture.uexp" 563
"../../../Engine/Plugins/Runtime/OpenXR/Content/Devices/MicrosoftMixedReality/NormalTexture.ubulk" 564
"../../../Engine/Plugins/Runtime/OpenXR/Content/Devices/MicrosoftMixedReality/MRTexture.uasset" 565
"../../../Engine/Plugins/Runtime/OpenXR/Content/Devices/MicrosoftMixedReality/MRTexture.uexp" 566
"../../../Engine/Plugins/Runtime/OpenXR/Content/Devices/MicrosoftMixedReality/MRTexture.ubulk" 567
"../../../Engine/Plugins/Runtime/OpenXR/Content/Devices/MicrosoftMixedReality/EmissiveTexture.uasset" 568
"../../../Engine/Plugins/Runtime/OpenXR/Content/Devices/MicrosoftMixedReality/EmissiveTexture.uexp" 569
"../../../Engine/Plugins/Runtime/OpenXR/Content/Devices/MicrosoftMixedReality/EmissiveTexture.ubulk" 570
"../../../Engine/Plugins/Runtime/OpenXR/Content/Devices/MicrosoftMixedReality/BaseTexture.uasset" 571
"../../../Engine/Plugins/Runtime/OpenXR/Content/Devices/MicrosoftMixedReality/BaseTexture.uexp" 572
"../../../Engine/Plugins/Runtime/OpenXR/Content/Devices/MicrosoftMixedReality/BaseTexture.ubulk" 573
"../../../Engine/Plugins/Runtime/OpenXR/Content/Devices/MicrosoftMixedReality/MI_MicrosoftMixedReality.uasset" 574
"../../../Engine/Plugins/Runtime/OpenXR/Content/Devices/MicrosoftMixedReality/MI_MicrosoftMixedReality.uexp" 575
"../../../Engine/Plugins/Runtime/OpenXR/Content/Devices/MicrosoftMixedReality/Left/left_MicrosoftMixedRealityController.uasset" 576
"../../../Engine/Plugins/Runtime/OpenXR/Content/Devices/MicrosoftMixedReality/Left/left_MicrosoftMixedRealityController.uexp" 577
"../../../Engine/Plugins/Runtime/OpenXR/Content/Devices/MicrosoftMixedReality/Right/right_MicrosoftMixedRealityController.uasset" 578
"../../../Engine/Plugins/Runtime/OpenXR/Content/Devices/MicrosoftMixedReality/Right/right_MicrosoftMixedRealityController.uexp" 579
"../../../Engine/Plugins/Runtime/OpenXR/Content/Devices/OculusGo/BaseTexture.uasset" 580
"../../../Engine/Plugins/Runtime/OpenXR/Content/Devices/OculusGo/BaseTexture.uexp" 581
"../../../Engine/Plugins/Runtime/OpenXR/Content/Devices/OculusGo/BaseTexture.ubulk" 582
"../../../Engine/Plugins/Runtime/OpenXR/Content/Devices/OculusGo/MI_OculusGo.uasset" 583
"../../../Engine/Plugins/Runtime/OpenXR/Content/Devices/OculusGo/MI_OculusGo.uexp" 584
"../../../Engine/Plugins/Runtime/OpenXR/Content/Devices/OculusGo/OculusGoController.uasset" 585
"../../../Engine/Plugins/Runtime/OpenXR/Content/Devices/OculusGo/OculusGoController.uexp" 586
"../../../Engine/Plugins/Runtime/OpenXR/Content/Devices/OculusTouch/MRTexture.uasset" 587
"../../../Engine/Plugins/Runtime/OpenXR/Content/Devices/OculusTouch/MRTexture.uexp" 588
"../../../Engine/Plugins/Runtime/OpenXR/Content/Devices/OculusTouch/MRTexture.ubulk" 589
"../../../Engine/Plugins/Runtime/OpenXR/Content/Devices/OculusTouch/BaseTexture.uasset" 590
"../../../Engine/Plugins/Runtime/OpenXR/Content/Devices/OculusTouch/BaseTexture.uexp" 591
"../../../Engine/Plugins/Runtime/OpenXR/Content/Devices/OculusTouch/BaseTexture.ubulk" 592
"../../../Engine/Plugins/Runtime/OpenXR/Content/Devices/OculusTouch/MI_OculusTouch.uasset" 593
"../../../Engine/Plugins/Runtime/OpenXR/Content/Devices/OculusTouch/MI_OculusTouch.uexp" 594
"../../../Engine/Plugins/Runtime/OpenXR/Content/Devices/OculusTouch/Left/left_OculusTouchController.uasset" 595
"../../../Engine/Plugins/Runtime/OpenXR/Content/Devices/OculusTouch/Left/left_OculusTouchController.uexp" 596
"../../../Engine/Plugins/Runtime/OpenXR/Content/Devices/OculusTouch/Right/right_OculusTouchController.uasset" 597
"../../../Engine/Plugins/Runtime/OpenXR/Content/Devices/OculusTouch/Right/right_OculusTouchController.uexp" 598
"../../../Engine/Plugins/Runtime/OpenXR/Content/Devices/OculusTouch_v3/MRTexture.uasset" 599
"../../../Engine/Plugins/Runtime/OpenXR/Content/Devices/OculusTouch_v3/MRTexture.uexp" 600
"../../../Engine/Plugins/Runtime/OpenXR/Content/Devices/OculusTouch_v3/MRTexture.ubulk" 601
"../../../Engine/Plugins/Runtime/OpenXR/Content/Devices/OculusTouch_v3/BaseTexture.uasset" 602
"../../../Engine/Plugins/Runtime/OpenXR/Content/Devices/OculusTouch_v3/BaseTexture.uexp" 603
"../../../Engine/Plugins/Runtime/OpenXR/Content/Devices/OculusTouch_v3/BaseTexture.ubulk" 604
"../../../Engine/Plugins/Runtime/OpenXR/Content/Devices/OculusTouch_v3/MI_OculusTouch_v3.uasset" 605
"../../../Engine/Plugins/Runtime/OpenXR/Content/Devices/OculusTouch_v3/MI_OculusTouch_v3.uexp" 606
"../../../Engine/Plugins/Runtime/OpenXR/Content/Devices/OculusTouch_v3/Left/left_OculusTouch_v3Controller.uasset" 607
"../../../Engine/Plugins/Runtime/OpenXR/Content/Devices/OculusTouch_v3/Left/left_OculusTouch_v3Controller.uexp" 608
"../../../Engine/Plugins/Runtime/OpenXR/Content/Devices/OculusTouch_v3/Right/right_OculusTouch_v3Controller.uasset" 609
"../../../Engine/Plugins/Runtime/OpenXR/Content/Devices/OculusTouch_v3/Right/right_OculusTouch_v3Controller.uexp" 610
"../../../Engine/Plugins/Runtime/OpenXR/Content/Devices/ValveIndex/MRTexture.uasset" 611
"../../../Engine/Plugins/Runtime/OpenXR/Content/Devices/ValveIndex/MRTexture.uexp" 612
"../../../Engine/Plugins/Runtime/OpenXR/Content/Devices/ValveIndex/MRTexture.ubulk" 613
"../../../Engine/Plugins/Runtime/OpenXR/Content/Devices/ValveIndex/BaseTexture.uasset" 614
"../../../Engine/Plugins/Runtime/OpenXR/Content/Devices/ValveIndex/BaseTexture.uexp" 615
"../../../Engine/Plugins/Runtime/OpenXR/Content/Devices/ValveIndex/BaseTexture.ubulk" 616
"../../../Engine/Plugins/Runtime/OpenXR/Content/Devices/ValveIndex/Left/MI_left_ValveIndex.uasset" 617
"../../../Engine/Plugins/Runtime/OpenXR/Content/Devices/ValveIndex/Left/MI_left_ValveIndex.uexp" 618
"../../../Engine/Plugins/Runtime/OpenXR/Content/Devices/ValveIndex/Left/left_ValveIndexController.uasset" 619
"../../../Engine/Plugins/Runtime/OpenXR/Content/Devices/ValveIndex/Left/left_ValveIndexController.uexp" 620
"../../../Engine/Plugins/Runtime/OpenXR/Content/Devices/ValveIndex/Right/MI_right_ValveIndex.uasset" 621
"../../../Engine/Plugins/Runtime/OpenXR/Content/Devices/ValveIndex/Right/MI_right_ValveIndex.uexp" 622
"../../../Engine/Plugins/Runtime/OpenXR/Content/Devices/ValveIndex/Right/right_ValveIndexController.uasset" 623
"../../../Engine/Plugins/Runtime/OpenXR/Content/Devices/ValveIndex/Right/right_ValveIndexController.uexp" 624
"../../../Engine/Content/Functions/Engine_MaterialFunctions02/Utility/BreakOutFloat4Components.uasset" 625
"../../../Engine/Content/Functions/Engine_MaterialFunctions02/Utility/BreakOutFloat4Components.uexp" 626
"../../../Engine/Plugins/Runtime/Oculus/OculusVR/Content/Materials/OculusMR_ChromaKey.uasset" 627
"../../../Engine/Plugins/Runtime/Oculus/OculusVR/Content/Materials/OculusMR_ChromaKey.uexp" 628
"../../../Engine/Plugins/Runtime/Oculus/OculusVR/Content/Materials/OculusMR_OpaqueColoredMaterial.uasset" 629
"../../../Engine/Plugins/Runtime/Oculus/OculusVR/Content/Materials/OculusMR_OpaqueColoredMaterial.uexp" 630
"../../../Engine/Plugins/Runtime/Oculus/OculusVR/Content/Materials/PokeAHoleMaterial.uasset" 631
"../../../Engine/Plugins/Runtime/Oculus/OculusVR/Content/Materials/PokeAHoleMaterial.uexp" 632
"../../../Engine/Plugins/Runtime/Oculus/OculusVR/Content/Textures/touchController_controlmap.uasset" 633
"../../../Engine/Plugins/Runtime/Oculus/OculusVR/Content/Textures/touchController_controlmap.uexp" 634
"../../../Engine/Plugins/Runtime/Oculus/OculusVR/Content/Textures/touchController_controlmap.ubulk" 635
"../../../Engine/Plugins/Runtime/Oculus/OculusVR/Content/Textures/touchController_albedo.uasset" 636
"../../../Engine/Plugins/Runtime/Oculus/OculusVR/Content/Textures/touchController_albedo.uexp" 637
"../../../Engine/Plugins/Runtime/Oculus/OculusVR/Content/Textures/touchController_albedo.ubulk" 638
"../../../Engine/Plugins/Runtime/Oculus/OculusVR/Content/Materials/touchController_mat.uasset" 639
"../../../Engine/Plugins/Runtime/Oculus/OculusVR/Content/Materials/touchController_mat.uexp" 640
"../../../Engine/Plugins/Runtime/Oculus/OculusVR/Content/Meshes/LeftTouchController.uasset" 641
"../../../Engine/Plugins/Runtime/Oculus/OculusVR/Content/Meshes/LeftTouchController.uexp" 642
"../../../Engine/Plugins/Runtime/Oculus/OculusVR/Content/Textures/TouchForQuestRiftSController_albedo.uasset" 643
"../../../Engine/Plugins/Runtime/Oculus/OculusVR/Content/Textures/TouchForQuestRiftSController_albedo.uexp" 644
"../../../Engine/Plugins/Runtime/Oculus/OculusVR/Content/Textures/TouchForQuestRiftSController_albedo.ubulk" 645
"../../../Engine/Plugins/Runtime/Oculus/OculusVR/Content/Materials/TouchForQuestRiftSControllerMaterial.uasset" 646
"../../../Engine/Plugins/Runtime/Oculus/OculusVR/Content/Materials/TouchForQuestRiftSControllerMaterial.uexp" 647
"../../../Engine/Plugins/Runtime/Oculus/OculusVR/Content/Meshes/LeftTouchForQuestRiftSController.uasset" 648
"../../../Engine/Plugins/Runtime/Oculus/OculusVR/Content/Meshes/LeftTouchForQuestRiftSController.uexp" 649
"../../../Engine/Plugins/Runtime/Oculus/OculusVR/Content/Meshes/RiftHMD.uasset" 650
"../../../Engine/Plugins/Runtime/Oculus/OculusVR/Content/Meshes/RiftHMD.uexp" 651
"../../../Engine/Plugins/Runtime/Oculus/OculusVR/Content/Meshes/RightTouchController.uasset" 652
"../../../Engine/Plugins/Runtime/Oculus/OculusVR/Content/Meshes/RightTouchController.uexp" 653
"../../../Engine/Plugins/Runtime/Oculus/OculusVR/Content/Meshes/RightTouchForQuestRiftSController.uasset" 654
"../../../Engine/Plugins/Runtime/Oculus/OculusVR/Content/Meshes/RightTouchForQuestRiftSController.uexp" 655
"../../../Engine/Content/EngineSky/T_Sky_Stars.uasset" 656
"../../../Engine/Content/EngineSky/T_Sky_Stars.uexp" 657
"../../../Engine/Content/EngineSky/T_Sky_Stars.ubulk" 658
"../../../Engine/Content/EngineSky/T_Sky_Clouds_M.uasset" 659
"../../../Engine/Content/EngineSky/T_Sky_Clouds_M.uexp" 660
"../../../Engine/Content/EngineSky/T_Sky_Clouds_M.ubulk" 661
"../../../Engine/Content/EngineSky/T_Sky_Blue.uasset" 662
"../../../Engine/Content/EngineSky/T_Sky_Blue.uexp" 663
"../../../Engine/Content/EngineSky/T_Sky_Blue.ubulk" 664
"C:/Users/mario/Documents/Unreal Projects/museoVR/MuseoVR/Content/VRTemplate/Maps/VRTemplateMap_BuiltData.uasset" 665
"C:/Users/mario/Documents/Unreal Projects/museoVR/MuseoVR/Content/VRTemplate/Maps/VRTemplateMap_BuiltData.uexp" 666
"C:/Users/mario/Documents/Unreal Projects/museoVR/MuseoVR/Content/VRTemplate/Maps/VRTemplateMap_BuiltData.ubulk" 667
"../../../Engine/Plugins/Runtime/OpenXR/Content/Devices/OculusTouch_v2/MRTexture.uasset" 668
"../../../Engine/Plugins/Runtime/OpenXR/Content/Devices/OculusTouch_v2/MRTexture.uexp" 669
"../../../Engine/Plugins/Runtime/OpenXR/Content/Devices/OculusTouch_v2/MRTexture.ubulk" 670
"../../../Engine/Plugins/Runtime/OpenXR/Content/Devices/OculusTouch_v2/BaseTexture.uasset" 671
"../../../Engine/Plugins/Runtime/OpenXR/Content/Devices/OculusTouch_v2/BaseTexture.uexp" 672
"../../../Engine/Plugins/Runtime/OpenXR/Content/Devices/OculusTouch_v2/BaseTexture.ubulk" 673
"../../../Engine/Plugins/Runtime/OpenXR/Content/Devices/OculusTouch_v2/MI_OculusTouch_v2.uasset" 674
"../../../Engine/Plugins/Runtime/OpenXR/Content/Devices/OculusTouch_v2/MI_OculusTouch_v2.uexp" 675
"../../../Engine/Plugins/Runtime/OpenXR/Content/Devices/OculusTouch_v2/Right/right_OculusTouch_v2Controller.uasset" 676
"../../../Engine/Plugins/Runtime/OpenXR/Content/Devices/OculusTouch_v2/Right/right_OculusTouch_v2Controller.uexp" 677
"../../../Engine/Plugins/Runtime/OpenXR/Content/Devices/OculusTouch_v2/Left/left_OculusTouch_v2Controller.uasset" 678
"../../../Engine/Plugins/Runtime/OpenXR/Content/Devices/OculusTouch_v2/Left/left_OculusTouch_v2Controller.uexp" 679
"C:/Users/mario/Documents/Unreal Projects/museoVR/MuseoVR/Content/VRTemplate/Materials/DefaultRibbonMaterial_NoGradient.uasset" 680
"C:/Users/mario/Documents/Unreal Projects/museoVR/MuseoVR/Content/VRTemplate/Materials/DefaultRibbonMaterial_NoGradient.uexp" 681
"../../../Engine/Plugins/FX/Niagara/Content/Modules/Update/Color/Color.uasset" 682
"../../../Engine/Plugins/FX/Niagara/Content/Modules/Update/Color/Color.uexp" 683
"../../../Engine/Plugins/FX/Niagara/Content/Enums/ENiagaraRandomnessMode.uasset" 684
"../../../Engine/Plugins/FX/Niagara/Content/Enums/ENiagaraRandomnessMode.uexp" 685
"../../../Engine/Plugins/FX/Niagara/Content/Functions/GetRandomInfo.uasset" 686
"../../../Engine/Plugins/FX/Niagara/Content/Functions/GetRandomInfo.uexp" 687
"../../../Engine/Plugins/FX/Niagara/Content/Functions/RandomRangeFloat.uasset" 688
"../../../Engine/Plugins/FX/Niagara/Content/Functions/RandomRangeFloat.uexp" 689
"../../../Engine/Plugins/FX/Niagara/Content/Functions/Localspace/SimulationPosition.uasset" 690
"../../../Engine/Plugins/FX/Niagara/Content/Functions/Localspace/SimulationPosition.uexp" 691
"../../../Engine/Plugins/FX/Niagara/Content/Modules/Spawn/Initialization/InitializeParticle.uasset" 692
"../../../Engine/Plugins/FX/Niagara/Content/Modules/Spawn/Initialization/InitializeParticle.uexp" 693
"../../../Engine/Plugins/FX/Niagara/Content/Functions/DirectionAndLengthSafe.uasset" 694
"../../../Engine/Plugins/FX/Niagara/Content/Functions/DirectionAndLengthSafe.uexp" 695
"../../../Engine/Plugins/FX/Niagara/Content/Modules/Solvers/SolveForcesAndVelocity.uasset" 696
"../../../Engine/Plugins/FX/Niagara/Content/Modules/Solvers/SolveForcesAndVelocity.uexp" 697
"../../../Engine/Plugins/FX/Niagara/Content/DynamicInputs/ValueFromCurve/FloatFromCurve.uasset" 698
"../../../Engine/Plugins/FX/Niagara/Content/DynamicInputs/ValueFromCurve/FloatFromCurve.uexp" 699
"../../../Engine/Plugins/FX/Niagara/Content/DynamicInputs/ValueFromCurve/ColorFromCurve.uasset" 700
"../../../Engine/Plugins/FX/Niagara/Content/DynamicInputs/ValueFromCurve/ColorFromCurve.uexp" 701
"../../../Engine/Plugins/FX/Niagara/Content/Enums/ENiagaraSystemInactiveMode.uasset" 702
"../../../Engine/Plugins/FX/Niagara/Content/Enums/ENiagaraSystemInactiveMode.uexp" 703
"../../../Engine/Plugins/FX/Niagara/Content/Enums/ENiagaraInactiveMode.uasset" 704
"../../../Engine/Plugins/FX/Niagara/Content/Enums/ENiagaraInactiveMode.uexp" 705
"../../../Engine/Plugins/FX/Niagara/Content/Enums/ENiagaraEmitterScalabilityMode_Limited.uasset" 706
"../../../Engine/Plugins/FX/Niagara/Content/Enums/ENiagaraEmitterScalabilityMode_Limited.uexp" 707
"../../../Engine/Plugins/FX/Niagara/Content/Enums/ENiagara_InfiniteLoopDuration.uasset" 708
"../../../Engine/Plugins/FX/Niagara/Content/Enums/ENiagara_InfiniteLoopDuration.uexp" 709
"../../../Engine/Plugins/FX/Niagara/Content/Enums/ENiagara_EmitterStateOptions.uasset" 710
"../../../Engine/Plugins/FX/Niagara/Content/Enums/ENiagara_EmitterStateOptions.uexp" 711
"../../../Engine/Plugins/FX/Niagara/Content/Modules/Update/Lifetime/ParticleState.uasset" 712
"../../../Engine/Plugins/FX/Niagara/Content/Modules/Update/Lifetime/ParticleState.uexp" 713
"../../../Engine/Plugins/FX/Niagara/Content/Functions/System/SystemChangeState.uasset" 714
"../../../Engine/Plugins/FX/Niagara/Content/Functions/System/SystemChangeState.uexp" 715
"../../../Engine/Plugins/FX/Niagara/Content/Modules/System/SystemState.uasset" 716
"../../../Engine/Plugins/FX/Niagara/Content/Modules/System/SystemState.uexp" 717
"../../../Engine/Plugins/FX/Niagara/Content/Enums/ENiagaraRandomnessEvaluation.uasset" 718
"../../../Engine/Plugins/FX/Niagara/Content/Enums/ENiagaraRandomnessEvaluation.uexp" 719
"../../../Engine/Plugins/FX/Niagara/Content/Functions/V2/CalculateRandomRangeFloat.uasset" 720
"../../../Engine/Plugins/FX/Niagara/Content/Functions/V2/CalculateRandomRangeFloat.uexp" 721
"../../../Engine/Plugins/FX/Niagara/Content/Modules/Emitter/SpawnBurst_Instantaneous.uasset" 722
"../../../Engine/Plugins/FX/Niagara/Content/Modules/Emitter/SpawnBurst_Instantaneous.uexp" 723
"../../../Engine/Plugins/FX/Niagara/Content/Enums/ENiagaraExecutionStateManagement.uasset" 724
"../../../Engine/Plugins/FX/Niagara/Content/Enums/ENiagaraExecutionStateManagement.uexp" 725
"../../../Engine/Plugins/FX/Niagara/Content/Functions/Emitter/EmitterChangeState.uasset" 726
"../../../Engine/Plugins/FX/Niagara/Content/Functions/Emitter/EmitterChangeState.uexp" 727
"../../../Engine/Plugins/FX/Niagara/Content/Enums/ENiagaraEmitterLifeCycleMode.uasset" 728
"../../../Engine/Plugins/FX/Niagara/Content/Enums/ENiagaraEmitterLifeCycleMode.uexp" 729
"../../../Engine/Plugins/FX/Niagara/Content/Modules/Emitter/EmitterState.uasset" 730
"../../../Engine/Plugins/FX/Niagara/Content/Modules/Emitter/EmitterState.uexp" 731
"../../../Engine/Plugins/FX/Niagara/Content/Functions/Spline/FindPositionOnBezierSpline.uasset" 732
"../../../Engine/Plugins/FX/Niagara/Content/Functions/Spline/FindPositionOnBezierSpline.uexp" 733
"../../../Engine/Plugins/FX/Niagara/Content/Functions/NormalizedExecutionIndex.uasset" 734
"../../../Engine/Plugins/FX/Niagara/Content/Functions/NormalizedExecutionIndex.uexp" 735
"../../../Engine/Plugins/FX/Niagara/Content/Modules/Beams/SpawnBeam.uasset" 736
"../../../Engine/Plugins/FX/Niagara/Content/Modules/Beams/SpawnBeam.uexp" 737
"../../../Engine/Plugins/FX/Niagara/Content/Modules/Beams/BeamWidth.uasset" 738
"../../../Engine/Plugins/FX/Niagara/Content/Modules/Beams/BeamWidth.uexp" 739
"../../../Engine/Plugins/FX/Niagara/Content/Functions/Localspace/TransformBase.uasset" 740
"../../../Engine/Plugins/FX/Niagara/Content/Functions/Localspace/TransformBase.uexp" 741
"../../../Engine/Plugins/FX/Niagara/Content/Functions/Localspace/TransformPosition.uasset" 742
"../../../Engine/Plugins/FX/Niagara/Content/Functions/Localspace/TransformPosition.uexp" 743
"../../../Engine/Plugins/FX/Niagara/Content/Functions/Localspace/TransformVector.uasset" 744
"../../../Engine/Plugins/FX/Niagara/Content/Functions/Localspace/TransformVector.uexp" 745
"../../../Engine/Plugins/FX/Niagara/Content/DynamicInputs/Multiply/Multiply_VectorByFloat.uasset" 746
"../../../Engine/Plugins/FX/Niagara/Content/DynamicInputs/Multiply/Multiply_VectorByFloat.uexp" 747
"../../../Engine/Plugins/FX/Niagara/Content/DynamicInputs/Helpers/SimulationPosition.uasset" 748
"../../../Engine/Plugins/FX/Niagara/Content/DynamicInputs/Helpers/SimulationPosition.uexp" 749
"../../../Engine/Plugins/FX/Niagara/Content/Modules/Beams/BeamEmitterSetup.uasset" 750
"../../../Engine/Plugins/FX/Niagara/Content/Modules/Beams/BeamEmitterSetup.uexp" 751
"C:/Users/mario/Documents/Unreal Projects/museoVR/MuseoVR/Content/VRTemplate/VFX/NPC_VRTemplate.uasset" 752
"C:/Users/mario/Documents/Unreal Projects/museoVR/MuseoVR/Content/VRTemplate/VFX/NPC_VRTemplate.uexp" 753
"C:/Users/mario/Documents/Unreal Projects/museoVR/MuseoVR/Content/VRTemplate/VFX/NS_TeleportTrace.uasset" 754
"C:/Users/mario/Documents/Unreal Projects/museoVR/MuseoVR/Content/VRTemplate/VFX/NS_TeleportTrace.uexp" 755
"../../../Engine/Plugins/FX/Niagara/Content/Enums/ENiagaraTorusMode.uasset" 756
"../../../Engine/Plugins/FX/Niagara/Content/Enums/ENiagaraTorusMode.uexp" 757
"../../../Engine/Plugins/FX/Niagara/Content/Functions/Rotation/MultiplyVectorWithQuaternion.uasset" 758
"../../../Engine/Plugins/FX/Niagara/Content/Functions/Rotation/MultiplyVectorWithQuaternion.uexp" 759
"../../../Engine/Plugins/FX/Niagara/Content/Functions/Rotation/FindQuatBetween.uasset" 760
"../../../Engine/Plugins/FX/Niagara/Content/Functions/Rotation/FindQuatBetween.uexp" 761
"../../../Engine/Plugins/FX/Niagara/Content/Functions/RandomRange.uasset" 762
"../../../Engine/Plugins/FX/Niagara/Content/Functions/RandomRange.uexp" 763
"../../../Engine/Plugins/FX/Niagara/Content/Functions/PolarToCartesianCoordinates.uasset" 764
"../../../Engine/Plugins/FX/Niagara/Content/Functions/PolarToCartesianCoordinates.uexp" 765
"../../../Engine/Plugins/FX/Niagara/Content/Functions/ParametricTorusKnot.uasset" 766
"../../../Engine/Plugins/FX/Niagara/Content/Functions/ParametricTorusKnot.uexp" 767
"../../../Engine/Plugins/FX/Niagara/Content/Functions/ParametricTorus.uasset" 768
"../../../Engine/Plugins/FX/Niagara/Content/Functions/ParametricTorus.uexp" 769
"../../../Engine/Plugins/FX/Niagara/Content/Functions/Rotation/MultiplyQuaternion.uasset" 770
"../../../Engine/Plugins/FX/Niagara/Content/Functions/Rotation/MultiplyQuaternion.uexp" 771
"../../../Engine/Plugins/FX/Niagara/Content/Functions/Rotation/AxisAngleToQuaternion.uasset" 772
"../../../Engine/Plugins/FX/Niagara/Content/Functions/Rotation/AxisAngleToQuaternion.uexp" 773
"../../../Engine/Plugins/FX/Niagara/Content/Enums/ENiagaraTorusDistributionMode.uasset" 774
"../../../Engine/Plugins/FX/Niagara/Content/Enums/ENiagaraTorusDistributionMode.uexp" 775
"../../../Engine/Plugins/FX/Niagara/Content/Modules/Spawn/Location/TorusLocation.uasset" 776
"../../../Engine/Plugins/FX/Niagara/Content/Modules/Spawn/Location/TorusLocation.uexp" 777
"../../../Engine/Plugins/FX/Niagara/Content/Functions/LinearColor/HueShiftLinearColor.uasset" 778
"../../../Engine/Plugins/FX/Niagara/Content/Functions/LinearColor/HueShiftLinearColor.uexp" 779
"../../../Engine/Plugins/FX/Niagara/Content/Functions/V2/CalculateRandomRange.uasset" 780
"../../../Engine/Plugins/FX/Niagara/Content/Functions/V2/CalculateRandomRange.uexp" 781
"../../../Engine/Plugins/FX/Niagara/Content/Enums/Ribbons/ENiagara_UnsetDirectSet.uasset" 782
"../../../Engine/Plugins/FX/Niagara/Content/Enums/Ribbons/ENiagara_UnsetDirectSet.uexp" 783
"../../../Engine/Plugins/FX/Niagara/Content/Enums/ENiagaraChannelCorrelation.uasset" 784
"../../../Engine/Plugins/FX/Niagara/Content/Enums/ENiagaraChannelCorrelation.uexp" 785
"../../../Engine/Plugins/FX/Niagara/Content/Enums/ENiagara_PositionInitializationMode.uasset" 786
"../../../Engine/Plugins/FX/Niagara/Content/Enums/ENiagara_PositionInitializationMode.uexp" 787
"../../../Engine/Plugins/FX/Niagara/Content/Enums/ENiagara_MassInitializationMode.uasset" 788
"../../../Engine/Plugins/FX/Niagara/Content/Enums/ENiagara_MassInitializationMode.uexp" 789
"../../../Engine/Plugins/FX/Niagara/Content/Enums/ENiagara_LifetimeMode.uasset" 790
"../../../Engine/Plugins/FX/Niagara/Content/Enums/ENiagara_LifetimeMode.uexp" 791
"../../../Engine/Plugins/FX/Niagara/Content/Enums/ENiagara_ColorInitializationMode.uasset" 792
"../../../Engine/Plugins/FX/Niagara/Content/Enums/ENiagara_ColorInitializationMode.uexp" 793
"../../../Engine/Plugins/FX/Niagara/Content/Modules/Spawn/Initialization/InitializeRibbon.uasset" 794
"../../../Engine/Plugins/FX/Niagara/Content/Modules/Spawn/Initialization/InitializeRibbon.uexp" 795
"../../../Engine/Plugins/FX/Niagara/Content/DynamicInputs/Execution/ReturnNormalizedExecIndex.uasset" 796
"../../../Engine/Plugins/FX/Niagara/Content/DynamicInputs/Execution/ReturnNormalizedExecIndex.uexp" 797
"../../../Engine/Plugins/FX/Niagara/Content/Enums/Ribbons/ENiagara_UnsetDirectSetRandom.uasset" 798
"../../../Engine/Plugins/FX/Niagara/Content/Enums/Ribbons/ENiagara_UnsetDirectSetRandom.uexp" 799
"../../../Engine/Plugins/FX/Niagara/Content/Enums/ENiagara_UVFlippingMode.uasset" 800
"../../../Engine/Plugins/FX/Niagara/Content/Enums/ENiagara_UVFlippingMode.uexp" 801
"../../../Engine/Plugins/FX/Niagara/Content/Enums/ENiagara_SpriteRotationMode.uasset" 802
"../../../Engine/Plugins/FX/Niagara/Content/Enums/ENiagara_SpriteRotationMode.uexp" 803
"../../../Engine/Plugins/FX/Niagara/Content/Enums/ENiagara_SizeScaleMode.uasset" 804
"../../../Engine/Plugins/FX/Niagara/Content/Enums/ENiagara_SizeScaleMode.uexp" 805
"../../../Engine/Plugins/FX/Niagara/Content/Functions/V2/CalculateRandomRangeInteger.uasset" 806
"../../../Engine/Plugins/FX/Niagara/Content/Functions/V2/CalculateRandomRangeInteger.uexp" 807
"../../../Engine/Plugins/FX/Niagara/Content/Functions/V2/CalculateRandomBool.uasset" 808
"../../../Engine/Plugins/FX/Niagara/Content/Functions/V2/CalculateRandomBool.uexp" 809
"../../../Engine/Plugins/FX/Niagara/Content/Modules/Spawn/Initialization/V2/InitializeParticle.uasset" 810
"../../../Engine/Plugins/FX/Niagara/Content/Modules/Spawn/Initialization/V2/InitializeParticle.uexp" 811
"../../../Engine/Content/EngineMaterials/Good64x64TilingNoiseHighFreq.uasset" 812
"../../../Engine/Content/EngineMaterials/Good64x64TilingNoiseHighFreq.uexp" 813
"../../../Engine/Content/Functions/Engine_MaterialFunctions02/Utility/DepthFromWorldPosition.uasset" 814
"../../../Engine/Content/Functions/Engine_MaterialFunctions02/Utility/DepthFromWorldPosition.uexp" 815
"C:/Users/mario/Documents/Unreal Projects/museoVR/MuseoVR/Content/VRTemplate/Materials/Functions/MF_OccludedPixels.uasset" 816
"C:/Users/mario/Documents/Unreal Projects/museoVR/MuseoVR/Content/VRTemplate/Materials/Functions/MF_OccludedPixels.uexp" 817
"C:/Users/mario/Documents/Unreal Projects/museoVR/MuseoVR/Content/VRTemplate/Materials/M_TeleportNoise.uasset" 818
"C:/Users/mario/Documents/Unreal Projects/museoVR/MuseoVR/Content/VRTemplate/Materials/M_TeleportNoise.uexp" 819
"C:/Users/mario/Documents/Unreal Projects/museoVR/MuseoVR/Content/VRTemplate/Materials/M_TeleportCylinder.uasset" 820
"C:/Users/mario/Documents/Unreal Projects/museoVR/MuseoVR/Content/VRTemplate/Materials/M_TeleportCylinder.uexp" 821
"C:/Users/mario/Documents/Unreal Projects/museoVR/MuseoVR/Content/VRTemplate/VFX/NS_TeleportRing.uasset" 822
"C:/Users/mario/Documents/Unreal Projects/museoVR/MuseoVR/Content/VRTemplate/VFX/NS_TeleportRing.uexp" 823
"../../../Engine/Plugins/FX/Niagara/Content/Enums/ENiagaraArraySamplingMode.uasset" 824
"../../../Engine/Plugins/FX/Niagara/Content/Enums/ENiagaraArraySamplingMode.uexp" 825
"../../../Engine/Plugins/FX/Niagara/Content/Enums/ENiagara_WrapClamp.uasset" 826
"../../../Engine/Plugins/FX/Niagara/Content/Enums/ENiagara_WrapClamp.uexp" 827
"../../../Engine/Plugins/FX/Niagara/Content/DynamicInputs/Multiply/Multiply_Vector.uasset" 828
"../../../Engine/Plugins/FX/Niagara/Content/DynamicInputs/Multiply/Multiply_Vector.uexp" 829
"../../../Engine/Plugins/FX/Niagara/Content/DynamicInputs/Execution/ReturnExecIndex.uasset" 830
"../../../Engine/Plugins/FX/Niagara/Content/DynamicInputs/Execution/ReturnExecIndex.uexp" 831
"../../../Engine/Plugins/FX/Niagara/Content/DynamicInputs/Arrays/SelectVectorFromArray.uasset" 832
"../../../Engine/Plugins/FX/Niagara/Content/DynamicInputs/Arrays/SelectVectorFromArray.uexp" 833
"C:/Users/mario/Documents/Unreal Projects/museoVR/MuseoVR/Content/VRTemplate/VFX/NS_PlayAreaBounds.uasset" 834
"C:/Users/mario/Documents/Unreal Projects/museoVR/MuseoVR/Content/VRTemplate/VFX/NS_PlayAreaBounds.uexp" 835
"C:/Users/mario/Documents/Unreal Projects/museoVR/MuseoVR/Content/VRTemplate/Blueprints/VRTeleportVisualizer.uasset" 836
"C:/Users/mario/Documents/Unreal Projects/museoVR/MuseoVR/Content/VRTemplate/Blueprints/VRTeleportVisualizer.uexp" 837
"C:/Users/mario/Documents/Unreal Projects/museoVR/MuseoVR/Content/VRTemplate/Blueprints/WidgetMenu.uasset" 838
"C:/Users/mario/Documents/Unreal Projects/museoVR/MuseoVR/Content/VRTemplate/Blueprints/WidgetMenu.uexp" 839
"C:/Users/mario/Documents/Unreal Projects/museoVR/MuseoVR/Content/VRTemplate/VFX/NS_MenuLaser.uasset" 840
"C:/Users/mario/Documents/Unreal Projects/museoVR/MuseoVR/Content/VRTemplate/VFX/NS_MenuLaser.uexp" 841
"C:/Users/mario/Documents/Unreal Projects/museoVR/MuseoVR/Content/VRTemplate/Materials/M_VRCursor.uasset" 842
"C:/Users/mario/Documents/Unreal Projects/museoVR/MuseoVR/Content/VRTemplate/Materials/M_VRCursor.uexp" 843
"C:/Users/mario/Documents/Unreal Projects/museoVR/MuseoVR/Content/VRTemplate/Blueprints/Menu.uasset" 844
"C:/Users/mario/Documents/Unreal Projects/museoVR/MuseoVR/Content/VRTemplate/Blueprints/Menu.uexp" 845
"C:/Users/mario/Documents/Unreal Projects/museoVR/MuseoVR/Content/VRTemplate/Blueprints/VRPawn.uasset" 846
"C:/Users/mario/Documents/Unreal Projects/museoVR/MuseoVR/Content/VRTemplate/Blueprints/VRPawn.uexp" 847
"C:/Users/mario/Documents/Unreal Projects/museoVR/MuseoVR/Content/VRTemplate/Blueprints/VRGameMode.uasset" 848
"C:/Users/mario/Documents/Unreal Projects/museoVR/MuseoVR/Content/VRTemplate/Blueprints/VRGameMode.uexp" 849
"C:/Users/mario/Documents/Unreal Projects/museoVR/MuseoVR/Content/VRTemplate/Blueprints/Gold_mat.uasset" 850
"C:/Users/mario/Documents/Unreal Projects/museoVR/MuseoVR/Content/VRTemplate/Blueprints/Gold_mat.uexp" 851
"C:/Users/mario/Documents/Unreal Projects/museoVR/MuseoVR/Content/VRTemplate/Blueprints/mono.uasset" 852
"C:/Users/mario/Documents/Unreal Projects/museoVR/MuseoVR/Content/VRTemplate/Blueprints/mono.uexp" 853
"C:/Users/mario/Documents/Unreal Projects/museoVR/MuseoVR/Content/VRTemplate/Blueprints/mono_Blueprint.uasset" 854
"C:/Users/mario/Documents/Unreal Projects/museoVR/MuseoVR/Content/VRTemplate/Blueprints/mono_Blueprint.uexp" 855
"C:/Users/mario/Documents/Unreal Projects/museoVR/MuseoVR/Content/VRTemplate/Blueprints/lectern.uasset" 856
"C:/Users/mario/Documents/Unreal Projects/museoVR/MuseoVR/Content/VRTemplate/Blueprints/lectern.uexp" 857
"C:/Users/mario/Documents/Unreal Projects/museoVR/MuseoVR/Content/VRTemplate/Blueprints/lectern_Blueprint.uasset" 858
"C:/Users/mario/Documents/Unreal Projects/museoVR/MuseoVR/Content/VRTemplate/Blueprints/lectern_Blueprint.uexp" 859
"C:/Users/mario/Documents/Unreal Projects/museoVR/MuseoVR/Content/VRTemplate/Blueprints/coso.uasset" 860
"C:/Users/mario/Documents/Unreal Projects/museoVR/MuseoVR/Content/VRTemplate/Blueprints/coso.uexp" 861
"C:/Users/mario/Documents/Unreal Projects/museoVR/MuseoVR/Content/VRTemplate/Blueprints/The_Skaters_Waltz.uasset" 862
"C:/Users/mario/Documents/Unreal Projects/museoVR/MuseoVR/Content/VRTemplate/Blueprints/The_Skaters_Waltz.uexp" 863
"C:/Users/mario/Documents/Unreal Projects/museoVR/MuseoVR/Content/VRTemplate/Blueprints/Actor_Blueprint1.uasset" 864
"C:/Users/mario/Documents/Unreal Projects/museoVR/MuseoVR/Content/VRTemplate/Blueprints/Actor_Blueprint1.uexp" 865
"../../../Engine/Content/EngineSky/M_Sky_Panning_Clouds2.uasset" 866
"../../../Engine/Content/EngineSky/M_Sky_Panning_Clouds2.uexp" 867
"../../../Engine/Content/EngineSky/SM_SkySphere.uasset" 868
"../../../Engine/Content/EngineSky/SM_SkySphere.uexp" 869
"../../../Engine/Content/EngineSky/C_Sky_Zenith_Color.uasset" 870
"../../../Engine/Content/EngineSky/C_Sky_Zenith_Color.uexp" 871
"../../../Engine/Content/EngineSky/C_Sky_Horizon_Color.uasset" 872
"../../../Engine/Content/EngineSky/C_Sky_Horizon_Color.uexp" 873
"../../../Engine/Content/EngineSky/C_Sky_Cloud_Color.uasset" 874
"../../../Engine/Content/EngineSky/C_Sky_Cloud_Color.uexp" 875
"../../../Engine/Content/EngineSky/BP_Sky_Sphere.uasset" 876
"../../../Engine/Content/EngineSky/BP_Sky_Sphere.uexp" 877
"C:/Users/mario/Documents/Unreal Projects/museoVR/MuseoVR/Content/VRTemplate/Blueprints/Actor_Blueprint.uasset" 878
"C:/Users/mario/Documents/Unreal Projects/museoVR/MuseoVR/Content/VRTemplate/Blueprints/Actor_Blueprint.uexp" 879
"C:/Users/mario/Documents/Unreal Projects/museoVR/MuseoVR/Content/VRTemplate/Maps/VRTemplateMap.uexp" 880
"C:/Users/mario/Documents/Unreal Projects/museoVR/MuseoVR/Content/VRTemplate/Maps/VRTemplateMap.umap" 881
"../../../Engine/Content/Maps/Entry_BuiltData.uasset" 882
"../../../Engine/Content/Maps/Entry_BuiltData.uexp" 883
"../../../Engine/Content/Maps/Entry.uexp" 884
"../../../Engine/Content/Maps/Entry.umap" 885
